#! /usr/bin/vvp
:ivl_version "12.0 (stable)";
:ivl_delay_selection "TYPICAL";
:vpi_time_precision + 0;
:vpi_module "/usr/lib/x86_64-linux-gnu/ivl/system.vpi";
:vpi_module "/usr/lib/x86_64-linux-gnu/ivl/vhdl_sys.vpi";
:vpi_module "/usr/lib/x86_64-linux-gnu/ivl/vhdl_textio.vpi";
:vpi_module "/usr/lib/x86_64-linux-gnu/ivl/v2005_math.vpi";
:vpi_module "/usr/lib/x86_64-linux-gnu/ivl/va_math.vpi";
S_0x598ddf4ff620 .scope module, "raiz_TB" "raiz_TB" 2 1;
 .timescale 0 0;
v0x598ddf54d9a0_0 .var "Rad", 15 0;
v0x598ddf54dad0_0 .net "Root", 7 0, L_0x598ddf4f1390;  1 drivers
v0x598ddf54db90_0 .var "clk", 0 0;
v0x598ddf54dc30_0 .net "done", 0 0, v0x598ddf54b3b0_0;  1 drivers
v0x598ddf54dd20_0 .var "init", 0 0;
v0x598ddf54de60_0 .var "rst", 0 0;
E_0x598ddf524f50 .event anyedge, v0x598ddf54b3b0_0;
S_0x598ddf502360 .scope module, "uut" "raiz" 2 9, 3 1 0, S_0x598ddf4ff620;
 .timescale 0 0;
    .port_info 0 /INPUT 1 "clk";
    .port_info 1 /INPUT 1 "rst";
    .port_info 2 /INPUT 1 "init";
    .port_info 3 /INPUT 16 "Rad";
    .port_info 4 /OUTPUT 8 "Root";
    .port_info 5 /OUTPUT 1 "done";
L_0x598ddf4f1390 .functor BUFZ 8, v0x598ddf549740_0, C4<00000000>, C4<00000000>, C4<00000000>;
v0x598ddf54c7f0_0 .net "Dec", 0 0, v0x598ddf54b020_0;  1 drivers
v0x598ddf54c8b0_0 .net "Neg", 0 0, L_0x598ddf54df50;  1 drivers
v0x598ddf54c9c0_0 .net "Rad", 15 0, v0x598ddf54d9a0_0;  1 drivers
v0x598ddf54ca60_0 .net "Root", 7 0, L_0x598ddf4f1390;  alias, 1 drivers
v0x598ddf54cb00_0 .net "SUM", 16 0, v0x598ddf54bed0_0;  1 drivers
v0x598ddf54cc60_0 .net "Zero", 0 0, L_0x598ddf55e0f0;  1 drivers
v0x598ddf54cd50_0 .net "clk", 0 0, v0x598ddf54db90_0;  1 drivers
v0x598ddf54cdf0_0 .net "done", 0 0, v0x598ddf54b3b0_0;  alias, 1 drivers
v0x598ddf54ce90_0 .net "init", 0 0, v0x598ddf54dd20_0;  1 drivers
v0x598ddf54cfc0_0 .net "load", 0 0, v0x598ddf54b510_0;  1 drivers
v0x598ddf54d060_0 .net "load_Temp", 0 0, v0x598ddf54b5b0_0;  1 drivers
v0x598ddf54d100_0 .net "out_c", 3 0, v0x598ddf54a6d0_0;  1 drivers
v0x598ddf54d1f0_0 .net "rst", 0 0, v0x598ddf54de60_0;  1 drivers
v0x598ddf54d290_0 .net "setRoot", 0 0, v0x598ddf54b730_0;  1 drivers
v0x598ddf54d380_0 .net "shift", 0 0, v0x598ddf54b800_0;  1 drivers
v0x598ddf54d420_0 .net "update_RAC", 0 0, v0x598ddf54b8a0_0;  1 drivers
v0x598ddf54d510_0 .net "w_RAC", 15 0, v0x598ddf52d230_0;  1 drivers
v0x598ddf54d600_0 .net "w_Rad", 15 0, v0x598ddf52d540_0;  1 drivers
v0x598ddf54d6a0_0 .net "w_Root", 7 0, v0x598ddf549740_0;  1 drivers
v0x598ddf54d790_0 .net "w_Temp", 7 0, v0x598ddf54c410_0;  1 drivers
S_0x598ddf5024f0 .scope module, "Racrad0" "regRACRad" 3 27, 4 1 0, S_0x598ddf502360;
 .timescale 0 0;
    .port_info 0 /INPUT 1 "clk";
    .port_info 1 /INPUT 1 "load";
    .port_info 2 /INPUT 1 "shift";
    .port_info 3 /INPUT 1 "update_RAC";
    .port_info 4 /INPUT 16 "in_Rad";
    .port_info 5 /INPUT 17 "SUM";
    .port_info 6 /OUTPUT 16 "RAC";
    .port_info 7 /OUTPUT 16 "Rad";
v0x598ddf52d230_0 .var "RAC", 15 0;
v0x598ddf52d540_0 .var "Rad", 15 0;
v0x598ddf52d890_0 .net "SUM", 16 0, v0x598ddf54bed0_0;  alias, 1 drivers
v0x598ddf4f14b0_0 .net "clk", 0 0, v0x598ddf54db90_0;  alias, 1 drivers
v0x598ddf4f39a0_0 .net "in_Rad", 15 0, v0x598ddf54d9a0_0;  alias, 1 drivers
v0x598ddf4f0ce0_0 .net "load", 0 0, v0x598ddf54b510_0;  alias, 1 drivers
v0x598ddf5492c0_0 .net "shift", 0 0, v0x598ddf54b800_0;  alias, 1 drivers
v0x598ddf549380_0 .net "update_RAC", 0 0, v0x598ddf54b8a0_0;  alias, 1 drivers
E_0x598ddf524d90 .event posedge, v0x598ddf4f14b0_0;
S_0x598ddf549590 .scope module, "Root0" "regRoot" 3 28, 5 1 0, S_0x598ddf502360;
 .timescale 0 0;
    .port_info 0 /INPUT 1 "clk";
    .port_info 1 /INPUT 1 "load";
    .port_info 2 /INPUT 1 "shift";
    .port_info 3 /INPUT 1 "setRoot";
    .port_info 4 /OUTPUT 8 "Root";
v0x598ddf549740_0 .var "Root", 7 0;
v0x598ddf549820_0 .net "clk", 0 0, v0x598ddf54db90_0;  alias, 1 drivers
v0x598ddf5498e0_0 .net "load", 0 0, v0x598ddf54b510_0;  alias, 1 drivers
v0x598ddf549980_0 .net "setRoot", 0 0, v0x598ddf54b730_0;  alias, 1 drivers
v0x598ddf549a20_0 .net "shift", 0 0, v0x598ddf54b800_0;  alias, 1 drivers
S_0x598ddf549b30 .scope module, "comp0" "comp" 3 31, 6 1 0, S_0x598ddf502360;
 .timescale 0 0;
    .port_info 0 /INPUT 4 "out_c";
    .port_info 1 /OUTPUT 1 "Zero";
v0x598ddf549d10_0 .net "Zero", 0 0, L_0x598ddf55e0f0;  alias, 1 drivers
v0x598ddf549df0_0 .net *"_ivl_0", 31 0, L_0x598ddf54dff0;  1 drivers
L_0x7ab00486e018 .functor BUFT 1, C4<0000000000000000000000000000>, C4<0>, C4<0>, C4<0>;
v0x598ddf549ed0_0 .net *"_ivl_3", 27 0, L_0x7ab00486e018;  1 drivers
L_0x7ab00486e060 .functor BUFT 1, C4<00000000000000000000000000000000>, C4<0>, C4<0>, C4<0>;
v0x598ddf549fc0_0 .net/2u *"_ivl_4", 31 0, L_0x7ab00486e060;  1 drivers
v0x598ddf54a0a0_0 .net "out_c", 3 0, v0x598ddf54a6d0_0;  alias, 1 drivers
L_0x598ddf54dff0 .concat [ 4 28 0 0], v0x598ddf54a6d0_0, L_0x7ab00486e018;
L_0x598ddf55e0f0 .cmp/eq 32, L_0x598ddf54dff0, L_0x7ab00486e060;
S_0x598ddf54a230 .scope module, "cont0" "counter" 3 32, 7 1 0, S_0x598ddf502360;
 .timescale 0 0;
    .port_info 0 /INPUT 1 "clk";
    .port_info 1 /INPUT 1 "load";
    .port_info 2 /INPUT 1 "Dec";
    .port_info 3 /OUTPUT 4 "out_c";
v0x598ddf54a410_0 .net "Dec", 0 0, v0x598ddf54b020_0;  alias, 1 drivers
v0x598ddf54a4d0_0 .net "clk", 0 0, v0x598ddf54db90_0;  alias, 1 drivers
v0x598ddf54a5e0_0 .net "load", 0 0, v0x598ddf54b510_0;  alias, 1 drivers
v0x598ddf54a6d0_0 .var "out_c", 3 0;
S_0x598ddf54a7e0 .scope module, "ctrl0" "control" 3 33, 8 1 0, S_0x598ddf502360;
 .timescale 0 0;
    .port_info 0 /INPUT 1 "clk";
    .port_info 1 /INPUT 1 "rst";
    .port_info 2 /INPUT 1 "init";
    .port_info 3 /INPUT 1 "Zero";
    .port_info 4 /INPUT 1 "Neg";
    .port_info 5 /OUTPUT 1 "load";
    .port_info 6 /OUTPUT 1 "shift";
    .port_info 7 /OUTPUT 1 "load_Temp";
    .port_info 8 /OUTPUT 1 "setRoot";
    .port_info 9 /OUTPUT 1 "Dec";
    .port_info 10 /OUTPUT 1 "update_RAC";
    .port_info 11 /OUTPUT 1 "done";
P_0x598ddf4fdb20 .param/l "Check_Counter" 0 8 17, C4<001>;
P_0x598ddf4fdb60 .param/l "Check_RAC" 0 8 20, C4<100>;
P_0x598ddf4fdba0 .param/l "Dec_Counter" 0 8 22, C4<110>;
P_0x598ddf4fdbe0 .param/l "Done" 0 8 23, C4<111>;
P_0x598ddf4fdc20 .param/l "LoadTemp" 0 8 19, C4<011>;
P_0x598ddf4fdc60 .param/l "Shift" 0 8 18, C4<010>;
P_0x598ddf4fdca0 .param/l "Start" 0 8 16, C4<000>;
P_0x598ddf4fdce0 .param/l "Update_Root" 0 8 21, C4<101>;
v0x598ddf54af20_0 .var "Count", 4 0;
v0x598ddf54b020_0 .var "Dec", 0 0;
v0x598ddf54b0e0_0 .net "Neg", 0 0, L_0x598ddf54df50;  alias, 1 drivers
v0x598ddf54b180_0 .var "STATE", 2 0;
v0x598ddf54b220_0 .net "Zero", 0 0, L_0x598ddf55e0f0;  alias, 1 drivers
v0x598ddf54b310_0 .net "clk", 0 0, v0x598ddf54db90_0;  alias, 1 drivers
v0x598ddf54b3b0_0 .var "done", 0 0;
v0x598ddf54b450_0 .net "init", 0 0, v0x598ddf54dd20_0;  alias, 1 drivers
v0x598ddf54b510_0 .var "load", 0 0;
v0x598ddf54b5b0_0 .var "load_Temp", 0 0;
v0x598ddf54b670_0 .net "rst", 0 0, v0x598ddf54de60_0;  alias, 1 drivers
v0x598ddf54b730_0 .var "setRoot", 0 0;
v0x598ddf54b800_0 .var "shift", 0 0;
v0x598ddf54b8a0_0 .var "update_RAC", 0 0;
E_0x598ddf4e4390 .event anyedge, v0x598ddf54b180_0;
E_0x598ddf52ddd0 .event posedge, v0x598ddf54b670_0, v0x598ddf4f14b0_0;
S_0x598ddf54ba80 .scope module, "sub0" "Subtractor" 3 30, 9 1 0, S_0x598ddf502360;
 .timescale 0 0;
    .port_info 0 /INPUT 16 "RAC";
    .port_info 1 /INPUT 8 "Temp";
    .port_info 2 /OUTPUT 17 "SUM";
    .port_info 3 /OUTPUT 1 "Neg";
v0x598ddf54bd10_0 .net "Neg", 0 0, L_0x598ddf54df50;  alias, 1 drivers
v0x598ddf54be00_0 .net "RAC", 15 0, v0x598ddf52d230_0;  alias, 1 drivers
v0x598ddf54bed0_0 .var "SUM", 16 0;
v0x598ddf54bfd0_0 .net "Temp", 7 0, v0x598ddf54c410_0;  alias, 1 drivers
E_0x598ddf54bc90 .event anyedge, v0x598ddf52d230_0, v0x598ddf54bfd0_0;
L_0x598ddf54df50 .part v0x598ddf54bed0_0, 16, 1;
S_0x598ddf54c120 .scope module, "temp0" "regTemp" 3 29, 10 1 0, S_0x598ddf502360;
 .timescale 0 0;
    .port_info 0 /INPUT 1 "clk";
    .port_info 1 /INPUT 1 "load";
    .port_info 2 /INPUT 1 "load_Temp";
    .port_info 3 /OUTPUT 8 "Temp";
    .port_info 4 /INPUT 8 "Root";
v0x598ddf54c300_0 .net "Root", 7 0, v0x598ddf549740_0;  alias, 1 drivers
v0x598ddf54c410_0 .var "Temp", 7 0;
v0x598ddf54c4e0_0 .net "clk", 0 0, v0x598ddf54db90_0;  alias, 1 drivers
v0x598ddf54c5b0_0 .net "load", 0 0, v0x598ddf54b510_0;  alias, 1 drivers
v0x598ddf54c6e0_0 .net "load_Temp", 0 0, v0x598ddf54b5b0_0;  alias, 1 drivers
    .scope S_0x598ddf5024f0;
T_0 ;
    %wait E_0x598ddf524d90;
    %load/vec4 v0x598ddf4f0ce0_0;
    %flag_set/vec4 8;
    %jmp/0xz  T_0.0, 8;
    %pushi/vec4 0, 0, 16;
    %assign/vec4 v0x598ddf52d230_0, 0;
    %load/vec4 v0x598ddf4f39a0_0;
    %assign/vec4 v0x598ddf52d540_0, 0;
    %jmp T_0.1;
T_0.0 ;
    %load/vec4 v0x598ddf5492c0_0;
    %flag_set/vec4 8;
    %jmp/0xz  T_0.2, 8;
    %load/vec4 v0x598ddf52d230_0;
    %load/vec4 v0x598ddf52d540_0;
    %concat/vec4; draw_concat_vec4
    %ix/load 4, 2, 0;
    %flag_set/imm 4, 0;
    %shiftl 4;
    %split/vec4 16;
    %assign/vec4 v0x598ddf52d540_0, 0;
    %assign/vec4 v0x598ddf52d230_0, 0;
    %jmp T_0.3;
T_0.2 ;
    %load/vec4 v0x598ddf549380_0;
    %flag_set/vec4 8;
    %jmp/0xz  T_0.4, 8;
    %load/vec4 v0x598ddf52d890_0;
    %parti/s 16, 0, 2;
    %assign/vec4 v0x598ddf52d230_0, 0;
T_0.4 ;
T_0.3 ;
T_0.1 ;
    %jmp T_0;
    .thread T_0;
    .scope S_0x598ddf549590;
T_1 ;
    %wait E_0x598ddf524d90;
    %load/vec4 v0x598ddf5498e0_0;
    %flag_set/vec4 8;
    %jmp/0xz  T_1.0, 8;
    %pushi/vec4 0, 0, 8;
    %assign/vec4 v0x598ddf549740_0, 0;
    %jmp T_1.1;
T_1.0 ;
    %load/vec4 v0x598ddf549a20_0;
    %flag_set/vec4 8;
    %jmp/0xz  T_1.2, 8;
    %load/vec4 v0x598ddf549740_0;
    %ix/load 4, 1, 0;
    %flag_set/imm 4, 0;
    %shiftl 4;
    %assign/vec4 v0x598ddf549740_0, 0;
    %jmp T_1.3;
T_1.2 ;
    %load/vec4 v0x598ddf549980_0;
    %flag_set/vec4 8;
    %jmp/0xz  T_1.4, 8;
    %pushi/vec4 1, 0, 1;
    %ix/load 4, 0, 0;
    %ix/load 5, 0, 0;
    %flag_set/imm 4, 0;
    %assign/vec4/off/d v0x598ddf549740_0, 4, 5;
T_1.4 ;
T_1.3 ;
T_1.1 ;
    %jmp T_1;
    .thread T_1;
    .scope S_0x598ddf54c120;
T_2 ;
    %wait E_0x598ddf524d90;
    %load/vec4 v0x598ddf54c5b0_0;
    %flag_set/vec4 8;
    %jmp/0xz  T_2.0, 8;
    %pushi/vec4 0, 0, 8;
    %assign/vec4 v0x598ddf54c410_0, 0;
    %jmp T_2.1;
T_2.0 ;
    %load/vec4 v0x598ddf54c6e0_0;
    %flag_set/vec4 8;
    %jmp/0xz  T_2.2, 8;
    %load/vec4 v0x598ddf54c300_0;
    %assign/vec4 v0x598ddf54c410_0, 0;
T_2.2 ;
T_2.1 ;
    %jmp T_2;
    .thread T_2;
    .scope S_0x598ddf54ba80;
T_3 ;
    %wait E_0x598ddf54bc90;
    %load/vec4 v0x598ddf54be00_0;
    %pad/u 17;
    %pushi/vec4 0, 0, 8;
    %load/vec4 v0x598ddf54bfd0_0;
    %parti/s 7, 0, 2;
    %concat/vec4; draw_concat_vec4
    %concati/vec4 1, 0, 1;
    %pad/u 17;
    %sub;
    %store/vec4 v0x598ddf54bed0_0, 0, 17;
    %jmp T_3;
    .thread T_3, $push;
    .scope S_0x598ddf54a230;
T_4 ;
    %wait E_0x598ddf524d90;
    %load/vec4 v0x598ddf54a5e0_0;
    %flag_set/vec4 8;
    %jmp/0xz  T_4.0, 8;
    %pushi/vec4 8, 0, 4;
    %assign/vec4 v0x598ddf54a6d0_0, 0;
    %jmp T_4.1;
T_4.0 ;
    %load/vec4 v0x598ddf54a410_0;
    %flag_set/vec4 8;
    %jmp/0xz  T_4.2, 8;
    %load/vec4 v0x598ddf54a6d0_0;
    %subi 1, 0, 4;
    %assign/vec4 v0x598ddf54a6d0_0, 0;
T_4.2 ;
T_4.1 ;
    %jmp T_4;
    .thread T_4;
    .scope S_0x598ddf54a7e0;
T_5 ;
    %wait E_0x598ddf52ddd0;
    %load/vec4 v0x598ddf54b670_0;
    %flag_set/vec4 8;
    %jmp/0xz  T_5.0, 8;
    %pushi/vec4 0, 0, 3;
    %assign/vec4 v0x598ddf54b180_0, 0;
    %jmp T_5.1;
T_5.0 ;
    %load/vec4 v0x598ddf54b180_0;
    %dup/vec4;
    %pushi/vec4 0, 0, 3;
    %cmp/u;
    %jmp/1 T_5.2, 6;
    %dup/vec4;
    %pushi/vec4 1, 0, 3;
    %cmp/u;
    %jmp/1 T_5.3, 6;
    %dup/vec4;
    %pushi/vec4 2, 0, 3;
    %cmp/u;
    %jmp/1 T_5.4, 6;
    %dup/vec4;
    %pushi/vec4 3, 0, 3;
    %cmp/u;
    %jmp/1 T_5.5, 6;
    %dup/vec4;
    %pushi/vec4 4, 0, 3;
    %cmp/u;
    %jmp/1 T_5.6, 6;
    %dup/vec4;
    %pushi/vec4 5, 0, 3;
    %cmp/u;
    %jmp/1 T_5.7, 6;
    %dup/vec4;
    %pushi/vec4 6, 0, 3;
    %cmp/u;
    %jmp/1 T_5.8, 6;
    %dup/vec4;
    %pushi/vec4 7, 0, 3;
    %cmp/u;
    %jmp/1 T_5.9, 6;
    %pushi/vec4 0, 0, 3;
    %assign/vec4 v0x598ddf54b180_0, 0;
    %jmp T_5.11;
T_5.2 ;
    %pushi/vec4 0, 0, 5;
    %assign/vec4 v0x598ddf54af20_0, 0;
    %load/vec4 v0x598ddf54b450_0;
    %flag_set/vec4 8;
    %jmp/0xz  T_5.12, 8;
    %pushi/vec4 1, 0, 3;
    %assign/vec4 v0x598ddf54b180_0, 0;
    %jmp T_5.13;
T_5.12 ;
    %pushi/vec4 0, 0, 3;
    %assign/vec4 v0x598ddf54b180_0, 0;
T_5.13 ;
    %jmp T_5.11;
T_5.3 ;
    %load/vec4 v0x598ddf54b220_0;
    %flag_set/vec4 8;
    %jmp/0xz  T_5.14, 8;
    %pushi/vec4 7, 0, 3;
    %assign/vec4 v0x598ddf54b180_0, 0;
    %jmp T_5.15;
T_5.14 ;
    %pushi/vec4 2, 0, 3;
    %assign/vec4 v0x598ddf54b180_0, 0;
T_5.15 ;
    %jmp T_5.11;
T_5.4 ;
    %pushi/vec4 3, 0, 3;
    %assign/vec4 v0x598ddf54b180_0, 0;
    %jmp T_5.11;
T_5.5 ;
    %pushi/vec4 4, 0, 3;
    %assign/vec4 v0x598ddf54b180_0, 0;
    %jmp T_5.11;
T_5.6 ;
    %load/vec4 v0x598ddf54b0e0_0;
    %flag_set/vec4 8;
    %jmp/0xz  T_5.16, 8;
    %pushi/vec4 6, 0, 3;
    %assign/vec4 v0x598ddf54b180_0, 0;
    %jmp T_5.17;
T_5.16 ;
    %pushi/vec4 5, 0, 3;
    %assign/vec4 v0x598ddf54b180_0, 0;
T_5.17 ;
    %jmp T_5.11;
T_5.7 ;
    %pushi/vec4 6, 0, 3;
    %assign/vec4 v0x598ddf54b180_0, 0;
    %jmp T_5.11;
T_5.8 ;
    %pushi/vec4 1, 0, 3;
    %assign/vec4 v0x598ddf54b180_0, 0;
    %jmp T_5.11;
T_5.9 ;
    %load/vec4 v0x598ddf54af20_0;
    %addi 1, 0, 5;
    %assign/vec4 v0x598ddf54af20_0, 0;
    %load/vec4 v0x598ddf54af20_0;
    %pad/u 32;
    %cmpi/u 28, 0, 32;
    %flag_inv 5; GE is !LT
    %jmp/0xz  T_5.18, 5;
    %pushi/vec4 0, 0, 3;
    %assign/vec4 v0x598ddf54b180_0, 0;
    %jmp T_5.19;
T_5.18 ;
    %pushi/vec4 7, 0, 3;
    %assign/vec4 v0x598ddf54b180_0, 0;
T_5.19 ;
    %jmp T_5.11;
T_5.11 ;
    %pop/vec4 1;
T_5.1 ;
    %jmp T_5;
    .thread T_5;
    .scope S_0x598ddf54a7e0;
T_6 ;
    %wait E_0x598ddf4e4390;
    %load/vec4 v0x598ddf54b180_0;
    %dup/vec4;
    %pushi/vec4 0, 0, 3;
    %cmp/u;
    %jmp/1 T_6.0, 6;
    %dup/vec4;
    %pushi/vec4 1, 0, 3;
    %cmp/u;
    %jmp/1 T_6.1, 6;
    %dup/vec4;
    %pushi/vec4 2, 0, 3;
    %cmp/u;
    %jmp/1 T_6.2, 6;
    %dup/vec4;
    %pushi/vec4 3, 0, 3;
    %cmp/u;
    %jmp/1 T_6.3, 6;
    %dup/vec4;
    %pushi/vec4 4, 0, 3;
    %cmp/u;
    %jmp/1 T_6.4, 6;
    %dup/vec4;
    %pushi/vec4 5, 0, 3;
    %cmp/u;
    %jmp/1 T_6.5, 6;
    %dup/vec4;
    %pushi/vec4 6, 0, 3;
    %cmp/u;
    %jmp/1 T_6.6, 6;
    %dup/vec4;
    %pushi/vec4 7, 0, 3;
    %cmp/u;
    %jmp/1 T_6.7, 6;
    %pushi/vec4 0, 0, 1;
    %store/vec4 v0x598ddf54b020_0, 0, 1;
    %pushi/vec4 0, 0, 1;
    %store/vec4 v0x598ddf54b510_0, 0, 1;
    %pushi/vec4 0, 0, 1;
    %store/vec4 v0x598ddf54b800_0, 0, 1;
    %pushi/vec4 0, 0, 1;
    %store/vec4 v0x598ddf54b730_0, 0, 1;
    %pushi/vec4 0, 0, 1;
    %store/vec4 v0x598ddf54b5b0_0, 0, 1;
    %pushi/vec4 0, 0, 1;
    %store/vec4 v0x598ddf54b8a0_0, 0, 1;
    %pushi/vec4 0, 0, 1;
    %store/vec4 v0x598ddf54b3b0_0, 0, 1;
    %jmp T_6.9;
T_6.0 ;
    %pushi/vec4 0, 0, 1;
    %store/vec4 v0x598ddf54b020_0, 0, 1;
    %pushi/vec4 1, 0, 1;
    %store/vec4 v0x598ddf54b510_0, 0, 1;
    %pushi/vec4 0, 0, 1;
    %store/vec4 v0x598ddf54b800_0, 0, 1;
    %pushi/vec4 0, 0, 1;
    %store/vec4 v0x598ddf54b730_0, 0, 1;
    %pushi/vec4 0, 0, 1;
    %store/vec4 v0x598ddf54b5b0_0, 0, 1;
    %pushi/vec4 0, 0, 1;
    %store/vec4 v0x598ddf54b8a0_0, 0, 1;
    %pushi/vec4 0, 0, 1;
    %store/vec4 v0x598ddf54b3b0_0, 0, 1;
    %jmp T_6.9;
T_6.1 ;
    %pushi/vec4 0, 0, 1;
    %store/vec4 v0x598ddf54b020_0, 0, 1;
    %pushi/vec4 0, 0, 1;
    %store/vec4 v0x598ddf54b510_0, 0, 1;
    %pushi/vec4 0, 0, 1;
    %store/vec4 v0x598ddf54b800_0, 0, 1;
    %pushi/vec4 0, 0, 1;
    %store/vec4 v0x598ddf54b730_0, 0, 1;
    %pushi/vec4 0, 0, 1;
    %store/vec4 v0x598ddf54b5b0_0, 0, 1;
    %pushi/vec4 0, 0, 1;
    %store/vec4 v0x598ddf54b8a0_0, 0, 1;
    %pushi/vec4 0, 0, 1;
    %store/vec4 v0x598ddf54b3b0_0, 0, 1;
    %jmp T_6.9;
T_6.2 ;
    %pushi/vec4 0, 0, 1;
    %store/vec4 v0x598ddf54b020_0, 0, 1;
    %pushi/vec4 0, 0, 1;
    %store/vec4 v0x598ddf54b510_0, 0, 1;
    %pushi/vec4 1, 0, 1;
    %store/vec4 v0x598ddf54b800_0, 0, 1;
    %pushi/vec4 0, 0, 1;
    %store/vec4 v0x598ddf54b730_0, 0, 1;
    %pushi/vec4 0, 0, 1;
    %store/vec4 v0x598ddf54b5b0_0, 0, 1;
    %pushi/vec4 0, 0, 1;
    %store/vec4 v0x598ddf54b8a0_0, 0, 1;
    %pushi/vec4 0, 0, 1;
    %store/vec4 v0x598ddf54b3b0_0, 0, 1;
    %jmp T_6.9;
T_6.3 ;
    %pushi/vec4 0, 0, 1;
    %store/vec4 v0x598ddf54b020_0, 0, 1;
    %pushi/vec4 0, 0, 1;
    %store/vec4 v0x598ddf54b510_0, 0, 1;
    %pushi/vec4 0, 0, 1;
    %store/vec4 v0x598ddf54b800_0, 0, 1;
    %pushi/vec4 0, 0, 1;
    %store/vec4 v0x598ddf54b730_0, 0, 1;
    %pushi/vec4 1, 0, 1;
    %store/vec4 v0x598ddf54b5b0_0, 0, 1;
    %pushi/vec4 0, 0, 1;
    %store/vec4 v0x598ddf54b8a0_0, 0, 1;
    %pushi/vec4 0, 0, 1;
    %store/vec4 v0x598ddf54b3b0_0, 0, 1;
    %jmp T_6.9;
T_6.4 ;
    %pushi/vec4 0, 0, 1;
    %store/vec4 v0x598ddf54b020_0, 0, 1;
    %pushi/vec4 0, 0, 1;
    %store/vec4 v0x598ddf54b510_0, 0, 1;
    %pushi/vec4 0, 0, 1;
    %store/vec4 v0x598ddf54b800_0, 0, 1;
    %pushi/vec4 0, 0, 1;
    %store/vec4 v0x598ddf54b730_0, 0, 1;
    %pushi/vec4 0, 0, 1;
    %store/vec4 v0x598ddf54b5b0_0, 0, 1;
    %pushi/vec4 0, 0, 1;
    %store/vec4 v0x598ddf54b8a0_0, 0, 1;
    %pushi/vec4 0, 0, 1;
    %store/vec4 v0x598ddf54b3b0_0, 0, 1;
    %jmp T_6.9;
T_6.5 ;
    %pushi/vec4 0, 0, 1;
    %store/vec4 v0x598ddf54b020_0, 0, 1;
    %pushi/vec4 0, 0, 1;
    %store/vec4 v0x598ddf54b510_0, 0, 1;
    %pushi/vec4 0, 0, 1;
    %store/vec4 v0x598ddf54b800_0, 0, 1;
    %pushi/vec4 1, 0, 1;
    %store/vec4 v0x598ddf54b730_0, 0, 1;
    %pushi/vec4 0, 0, 1;
    %store/vec4 v0x598ddf54b5b0_0, 0, 1;
    %pushi/vec4 1, 0, 1;
    %store/vec4 v0x598ddf54b8a0_0, 0, 1;
    %pushi/vec4 0, 0, 1;
    %store/vec4 v0x598ddf54b3b0_0, 0, 1;
    %jmp T_6.9;
T_6.6 ;
    %pushi/vec4 1, 0, 1;
    %store/vec4 v0x598ddf54b020_0, 0, 1;
    %pushi/vec4 0, 0, 1;
    %store/vec4 v0x598ddf54b510_0, 0, 1;
    %pushi/vec4 0, 0, 1;
    %store/vec4 v0x598ddf54b800_0, 0, 1;
    %pushi/vec4 0, 0, 1;
    %store/vec4 v0x598ddf54b730_0, 0, 1;
    %pushi/vec4 0, 0, 1;
    %store/vec4 v0x598ddf54b5b0_0, 0, 1;
    %pushi/vec4 0, 0, 1;
    %store/vec4 v0x598ddf54b8a0_0, 0, 1;
    %pushi/vec4 0, 0, 1;
    %store/vec4 v0x598ddf54b3b0_0, 0, 1;
    %jmp T_6.9;
T_6.7 ;
    %pushi/vec4 0, 0, 1;
    %store/vec4 v0x598ddf54b020_0, 0, 1;
    %pushi/vec4 0, 0, 1;
    %store/vec4 v0x598ddf54b510_0, 0, 1;
    %pushi/vec4 0, 0, 1;
    %store/vec4 v0x598ddf54b800_0, 0, 1;
    %pushi/vec4 0, 0, 1;
    %store/vec4 v0x598ddf54b730_0, 0, 1;
    %pushi/vec4 0, 0, 1;
    %store/vec4 v0x598ddf54b5b0_0, 0, 1;
    %pushi/vec4 0, 0, 1;
    %store/vec4 v0x598ddf54b8a0_0, 0, 1;
    %pushi/vec4 1, 0, 1;
    %store/vec4 v0x598ddf54b3b0_0, 0, 1;
    %jmp T_6.9;
T_6.9 ;
    %pop/vec4 1;
    %jmp T_6;
    .thread T_6, $push;
    .scope S_0x598ddf4ff620;
T_7 ;
    %pushi/vec4 0, 0, 1;
    %store/vec4 v0x598ddf54db90_0, 0, 1;
T_7.0 ;
    %delay 20, 0;
    %load/vec4 v0x598ddf54db90_0;
    %inv;
    %store/vec4 v0x598ddf54db90_0, 0, 1;
    %jmp T_7.0;
    %end;
    .thread T_7;
    .scope S_0x598ddf4ff620;
T_8 ;
    %vpi_call 2 15 "$dumpfile", "raiz_TB.vcd" {0 0 0};
    %vpi_call 2 16 "$dumpvars", 32'sb00000000000000000000000000000000, S_0x598ddf4ff620 {0 0 0};
    %pushi/vec4 1, 0, 1;
    %store/vec4 v0x598ddf54de60_0, 0, 1;
    %pushi/vec4 0, 0, 1;
    %store/vec4 v0x598ddf54dd20_0, 0, 1;
    %pushi/vec4 32, 0, 16;
    %store/vec4 v0x598ddf54d9a0_0, 0, 16;
    %wait E_0x598ddf524d90;
    %pushi/vec4 0, 0, 1;
    %store/vec4 v0x598ddf54de60_0, 0, 1;
    %wait E_0x598ddf524d90;
    %pushi/vec4 1, 0, 1;
    %store/vec4 v0x598ddf54dd20_0, 0, 1;
    %wait E_0x598ddf524d90;
    %pushi/vec4 0, 0, 1;
    %store/vec4 v0x598ddf54dd20_0, 0, 1;
T_8.0 ;
    %load/vec4 v0x598ddf54dc30_0;
    %cmpi/ne 1, 0, 1;
    %jmp/0xz T_8.1, 6;
    %wait E_0x598ddf524f50;
    %jmp T_8.0;
T_8.1 ;
    %delay 40, 0;
    %pushi/vec4 16, 0, 16;
    %store/vec4 v0x598ddf54d9a0_0, 0, 16;
    %wait E_0x598ddf524d90;
    %pushi/vec4 1, 0, 1;
    %store/vec4 v0x598ddf54de60_0, 0, 1;
    %wait E_0x598ddf524d90;
    %pushi/vec4 0, 0, 1;
    %store/vec4 v0x598ddf54de60_0, 0, 1;
    %wait E_0x598ddf524d90;
    %pushi/vec4 1, 0, 1;
    %store/vec4 v0x598ddf54dd20_0, 0, 1;
    %wait E_0x598ddf524d90;
    %pushi/vec4 0, 0, 1;
    %store/vec4 v0x598ddf54dd20_0, 0, 1;
T_8.2 ;
    %load/vec4 v0x598ddf54dc30_0;
    %cmpi/ne 1, 0, 1;
    %jmp/0xz T_8.3, 6;
    %wait E_0x598ddf524f50;
    %jmp T_8.2;
T_8.3 ;
    %delay 40, 0;
    %pushi/vec4 65535, 0, 16;
    %store/vec4 v0x598ddf54d9a0_0, 0, 16;
    %wait E_0x598ddf524d90;
    %pushi/vec4 1, 0, 1;
    %store/vec4 v0x598ddf54de60_0, 0, 1;
    %wait E_0x598ddf524d90;
    %pushi/vec4 0, 0, 1;
    %store/vec4 v0x598ddf54de60_0, 0, 1;
    %wait E_0x598ddf524d90;
    %pushi/vec4 1, 0, 1;
    %store/vec4 v0x598ddf54dd20_0, 0, 1;
    %wait E_0x598ddf524d90;
    %pushi/vec4 0, 0, 1;
    %store/vec4 v0x598ddf54dd20_0, 0, 1;
T_8.4 ;
    %load/vec4 v0x598ddf54dc30_0;
    %cmpi/ne 1, 0, 1;
    %jmp/0xz T_8.5, 6;
    %wait E_0x598ddf524f50;
    %jmp T_8.4;
T_8.5 ;
    %delay 40, 0;
    %pushi/vec4 1, 0, 16;
    %store/vec4 v0x598ddf54d9a0_0, 0, 16;
    %wait E_0x598ddf524d90;
    %pushi/vec4 1, 0, 1;
    %store/vec4 v0x598ddf54de60_0, 0, 1;
    %wait E_0x598ddf524d90;
    %pushi/vec4 0, 0, 1;
    %store/vec4 v0x598ddf54de60_0, 0, 1;
    %wait E_0x598ddf524d90;
    %pushi/vec4 1, 0, 1;
    %store/vec4 v0x598ddf54dd20_0, 0, 1;
    %wait E_0x598ddf524d90;
    %pushi/vec4 0, 0, 1;
    %store/vec4 v0x598ddf54dd20_0, 0, 1;
T_8.6 ;
    %load/vec4 v0x598ddf54dc30_0;
    %cmpi/ne 1, 0, 1;
    %jmp/0xz T_8.7, 6;
    %wait E_0x598ddf524f50;
    %jmp T_8.6;
T_8.7 ;
    %delay 40, 0;
    %vpi_call 2 63 "$finish" {0 0 0};
    %end;
    .thread T_8;
# The file index is used to find the file name in the following table.
:file_names 11;
    "N/A";
    "<interactive>";
    "raiz_TB.v";
    "raiz.v";
    "regRACRad.v";
    "regRoot.v";
    "comp.v";
    "counter.v";
    "control.v";
    "Subtractor.v";
    "regTemp.v";
