
 /----------------------------------------------------------------------------\
 |                                                                            |
 |  yosys -- Yosys Open SYnthesis Suite                                       |
 |                                                                            |
 |  Copyright (C) 2012 - 2020  Claire Xenia Wolf <claire@yosyshq.com>         |
 |                                                                            |
 |  Permission to use, copy, modify, and/or distribute this software for any  |
 |  purpose with or without fee is hereby granted, provided that the above    |
 |  copyright notice and this permission notice appear in all copies.         |
 |                                                                            |
 |  THE SOFTWARE IS PROVIDED "AS IS" AND THE AUTHOR DISCLAIMS ALL WARRANTIES  |
 |  WITH REGARD TO THIS SOFTWARE INCLUDING ALL IMPLIED WARRANTIES OF          |
 |  MERCHANTABILITY AND FITNESS. IN NO EVENT SHALL THE AUTHOR BE LIABLE FOR   |
 |  ANY SPECIAL, DIRECT, INDIRECT, OR CONSEQUENTIAL DAMAGES OR ANY DAMAGES    |
 |  WHATSOEVER RESULTING FROM LOSS OF USE, DATA OR PROFITS, WHETHER IN AN     |
 |  ACTION OF CONTRACT, NEGLIGENCE OR OTHER TORTIOUS ACTION, ARISING OUT OF   |
 |  OR IN CONNECTION WITH THE USE OR PERFORMANCE OF THIS SOFTWARE.            |
 |                                                                            |
 \----------------------------------------------------------------------------/

 Yosys 0.33+6 (git sha1 41b34a193, x86_64-conda-linux-gnu-cc 11.2.0 -fvisibility-inlines-hidden -fmessage-length=0 -march=nocona -mtune=haswell -ftree-vectorize -fPIC -fstack-protector-strong -fno-plt -O2 -ffunction-sections -fdebug-prefix-map=/root/conda-eda/conda-eda/workdir/conda-env/conda-bld/yosys_1694128612374/work=/usr/local/src/conda/yosys-0.33_7_g41b34a193 -fdebug-prefix-map=/home/digital/miniconda3/envs/digital=/usr/local/src/conda-prefix -fPIC -Os -fno-merge-constants)


-- Parsing `comp.v' using frontend ` -vlog2k' --

1. Executing Verilog-2005 frontend: comp.v
Parsing Verilog input from `comp.v' to AST representation.
Storing AST representation for module `$abstract\comp'.
Successfully finished Verilog frontend.

-- Parsing `counter.v' using frontend ` -vlog2k' --

2. Executing Verilog-2005 frontend: counter.v
Parsing Verilog input from `counter.v' to AST representation.
Storing AST representation for module `$abstract\counter'.
Successfully finished Verilog frontend.

-- Parsing `control.v' using frontend ` -vlog2k' --

3. Executing Verilog-2005 frontend: control.v
Parsing Verilog input from `control.v' to AST representation.
Storing AST representation for module `$abstract\control'.
Successfully finished Verilog frontend.

-- Parsing `raiz.v' using frontend ` -vlog2k' --

4. Executing Verilog-2005 frontend: raiz.v
Parsing Verilog input from `raiz.v' to AST representation.
Storing AST representation for module `$abstract\raiz'.
Successfully finished Verilog frontend.

-- Parsing `regRACRad.v' using frontend ` -vlog2k' --

5. Executing Verilog-2005 frontend: regRACRad.v
Parsing Verilog input from `regRACRad.v' to AST representation.
Storing AST representation for module `$abstract\regRACRad'.
Successfully finished Verilog frontend.

-- Parsing `regRoot.v' using frontend ` -vlog2k' --

6. Executing Verilog-2005 frontend: regRoot.v
Parsing Verilog input from `regRoot.v' to AST representation.
Storing AST representation for module `$abstract\regRoot'.
Successfully finished Verilog frontend.

-- Parsing `regTemp.v' using frontend ` -vlog2k' --

7. Executing Verilog-2005 frontend: regTemp.v
Parsing Verilog input from `regTemp.v' to AST representation.
Storing AST representation for module `$abstract\regTemp'.
Successfully finished Verilog frontend.

-- Parsing `subtractor.v' using frontend ` -vlog2k' --
ERROR: Can't open input file `subtractor.v' for reading: No such file or directory
