#! /usr/bin/vvp
:ivl_version "12.0 (stable)";
:ivl_delay_selection "TYPICAL";
:vpi_time_precision + 0;
:vpi_module "/usr/lib/x86_64-linux-gnu/ivl/system.vpi";
:vpi_module "/usr/lib/x86_64-linux-gnu/ivl/vhdl_sys.vpi";
:vpi_module "/usr/lib/x86_64-linux-gnu/ivl/vhdl_textio.vpi";
:vpi_module "/usr/lib/x86_64-linux-gnu/ivl/v2005_math.vpi";
:vpi_module "/usr/lib/x86_64-linux-gnu/ivl/va_math.vpi";
S_0x5cc619255c60 .scope module, "divisor_TB" "divisor_TB" 2 1;
 .timescale 0 0;
v0x5cc6192995c0_0 .net "Cociente", 15 0, L_0x5cc619277d70;  1 drivers
v0x5cc6192996a0_0 .var "M", 15 0;
v0x5cc619299740_0 .var "Q", 15 0;
v0x5cc6192997e0_0 .net "Residuo", 16 0, L_0x5cc619277a50;  1 drivers
v0x5cc6192998a0_0 .var "clk", 0 0;
v0x5cc619299990_0 .net "done", 0 0, v0x5cc619296db0_0;  1 drivers
v0x5cc619299a30_0 .var "rst", 0 0;
v0x5cc619299b20_0 .var "start", 0 0;
E_0x5cc619267c60 .event anyedge, v0x5cc619296db0_0;
S_0x5cc619255df0 .scope module, "uut" "divisor" 2 12, 3 1 0, S_0x5cc619255c60;
 .timescale 0 0;
    .port_info 0 /INPUT 1 "clk";
    .port_info 1 /INPUT 1 "rst";
    .port_info 2 /INPUT 1 "start";
    .port_info 3 /INPUT 16 "Q";
    .port_info 4 /INPUT 16 "M";
    .port_info 5 /OUTPUT 16 "Cociente";
    .port_info 6 /OUTPUT 17 "Residuo";
    .port_info 7 /OUTPUT 1 "done";
L_0x5cc619277a50 .functor BUFZ 17, v0x5cc6192774c0_0, C4<00000000000000000>, C4<00000000000000000>, C4<00000000000000000>;
L_0x5cc619277d70 .functor BUFZ 16, v0x5cc619277bf0_0, C4<0000000000000000>, C4<0000000000000000>, C4<0000000000000000>;
v0x5cc6192984b0_0 .net "A_sub", 16 0, L_0x5cc6192a9f20;  1 drivers
v0x5cc6192985c0_0 .net "Cociente", 15 0, L_0x5cc619277d70;  alias, 1 drivers
v0x5cc6192986a0_0 .net "DEC", 0 0, v0x5cc6192967e0_0;  1 drivers
v0x5cc619298790_0 .net "LessA", 0 0, L_0x5cc6192aa3f0;  1 drivers
v0x5cc619298880_0 .net "M", 15 0, v0x5cc6192996a0_0;  1 drivers
v0x5cc6192989c0_0 .net "Out_C", 4 0, v0x5cc619295910_0;  1 drivers
v0x5cc619298ad0_0 .net "Q", 15 0, v0x5cc619299740_0;  1 drivers
v0x5cc619298b90_0 .net "Residuo", 16 0, L_0x5cc619277a50;  alias, 1 drivers
v0x5cc619298c50_0 .net "SHFT", 0 0, v0x5cc619296970_0;  1 drivers
v0x5cc619298d80_0 .net "Zero", 0 0, L_0x5cc6192aa170;  1 drivers
v0x5cc619298e70_0 .net "clk", 0 0, v0x5cc6192998a0_0;  1 drivers
v0x5cc619298f10_0 .net "done", 0 0, v0x5cc619296db0_0;  alias, 1 drivers
v0x5cc619298fb0_0 .net "load", 0 0, v0x5cc619296e70_0;  1 drivers
v0x5cc619299050_0 .net "rst", 0 0, v0x5cc619299a30_0;  1 drivers
v0x5cc6192990f0_0 .net "set_Q", 0 0, v0x5cc619297060_0;  1 drivers
v0x5cc6192991e0_0 .net "start", 0 0, v0x5cc619299b20_0;  1 drivers
v0x5cc619299280_0 .net "update_A", 0 0, v0x5cc6192971a0_0;  1 drivers
v0x5cc619299370_0 .net "w_A", 16 0, v0x5cc6192774c0_0;  1 drivers
v0x5cc619299410_0 .net "w_Q", 15 0, v0x5cc619277bf0_0;  1 drivers
S_0x5cc619256ea0 .scope module, "AQ0" "regAQ" 3 26, 4 2 0, S_0x5cc619255df0;
 .timescale 0 0;
    .port_info 0 /INPUT 1 "clk";
    .port_info 1 /INPUT 1 "set_Q";
    .port_info 2 /INPUT 1 "load";
    .port_info 3 /INPUT 1 "SHFT";
    .port_info 4 /INPUT 1 "update_A";
    .port_info 5 /INPUT 16 "in_Q";
    .port_info 6 /INPUT 17 "A_sub";
    .port_info 7 /OUTPUT 17 "A";
    .port_info 8 /OUTPUT 16 "Q";
v0x5cc6192774c0_0 .var "A", 16 0;
v0x5cc6192778a0_0 .net "A_sub", 16 0, L_0x5cc6192a9f20;  alias, 1 drivers
v0x5cc619277bf0_0 .var "Q", 15 0;
v0x5cc619277ed0_0 .net "SHFT", 0 0, v0x5cc619296970_0;  alias, 1 drivers
v0x5cc619278560_0 .net "clk", 0 0, v0x5cc6192998a0_0;  alias, 1 drivers
v0x5cc619278d60_0 .net "in_Q", 15 0, v0x5cc619299740_0;  alias, 1 drivers
v0x5cc619249400_0 .net "load", 0 0, v0x5cc619296e70_0;  alias, 1 drivers
v0x5cc619295400_0 .net "set_Q", 0 0, v0x5cc619297060_0;  alias, 1 drivers
v0x5cc6192954c0_0 .net "update_A", 0 0, v0x5cc6192971a0_0;  alias, 1 drivers
E_0x5cc619267f80 .event posedge, v0x5cc619278560_0;
S_0x5cc6192956a0 .scope module, "c0" "Counter" 3 28, 5 2 0, S_0x5cc619255df0;
 .timescale 0 0;
    .port_info 0 /INPUT 1 "clk";
    .port_info 1 /INPUT 1 "load";
    .port_info 2 /INPUT 1 "DEC";
    .port_info 3 /OUTPUT 5 "Out_C";
v0x5cc619295850_0 .net "DEC", 0 0, v0x5cc6192967e0_0;  alias, 1 drivers
v0x5cc619295910_0 .var "Out_C", 4 0;
v0x5cc6192959f0_0 .net "clk", 0 0, v0x5cc6192998a0_0;  alias, 1 drivers
v0x5cc619295a90_0 .net "load", 0 0, v0x5cc619296e70_0;  alias, 1 drivers
S_0x5cc619295b50 .scope module, "cminor0" "compMinor" 3 30, 6 2 0, S_0x5cc619255df0;
 .timescale 0 0;
    .port_info 0 /INPUT 17 "A";
    .port_info 1 /INPUT 16 "M";
    .port_info 2 /OUTPUT 1 "LessA";
v0x5cc619295d80_0 .net "A", 16 0, v0x5cc6192774c0_0;  alias, 1 drivers
v0x5cc619295e90_0 .net "LessA", 0 0, L_0x5cc6192aa3f0;  alias, 1 drivers
v0x5cc619295f30_0 .net "M", 15 0, v0x5cc6192996a0_0;  alias, 1 drivers
L_0x76482a757138 .functor BUFT 1, C4<0>, C4<0>, C4<0>, C4<0>;
v0x5cc619296020_0 .net/2u *"_ivl_0", 0 0, L_0x76482a757138;  1 drivers
v0x5cc619296100_0 .net *"_ivl_2", 16 0, L_0x5cc6192aa300;  1 drivers
L_0x5cc6192aa300 .concat [ 16 1 0 0], v0x5cc6192996a0_0, L_0x76482a757138;
L_0x5cc6192aa3f0 .cmp/gt 17, L_0x5cc6192aa300, v0x5cc6192774c0_0;
S_0x5cc6192962b0 .scope module, "ctrl0" "control" 3 31, 7 2 0, S_0x5cc619255df0;
 .timescale 0 0;
    .port_info 0 /INPUT 1 "clk";
    .port_info 1 /INPUT 1 "rst";
    .port_info 2 /INPUT 1 "start";
    .port_info 3 /INPUT 1 "Zero";
    .port_info 4 /INPUT 1 "LessA";
    .port_info 5 /OUTPUT 1 "load";
    .port_info 6 /OUTPUT 1 "SHFT";
    .port_info 7 /OUTPUT 1 "update_A";
    .port_info 8 /OUTPUT 1 "set_Q";
    .port_info 9 /OUTPUT 1 "DEC";
    .port_info 10 /OUTPUT 1 "done";
P_0x5cc619276320 .param/l "Check_Counter" 0 7 18, C4<001>;
P_0x5cc619276360 .param/l "Check_minor" 0 7 20, C4<011>;
P_0x5cc6192763a0 .param/l "Dec_Counter" 0 7 22, C4<101>;
P_0x5cc6192763e0 .param/l "Done" 0 7 23, C4<110>;
P_0x5cc619276420 .param/l "Shift" 0 7 19, C4<010>;
P_0x5cc619276460 .param/l "Substract" 0 7 21, C4<100>;
P_0x5cc6192764a0 .param/l "init" 0 7 17, C4<000>;
v0x5cc6192967e0_0 .var "DEC", 0 0;
v0x5cc6192968a0_0 .net "LessA", 0 0, L_0x5cc6192aa3f0;  alias, 1 drivers
v0x5cc619296970_0 .var "SHFT", 0 0;
v0x5cc619296a70_0 .var "STATE", 2 0;
v0x5cc619296b10_0 .net "Zero", 0 0, L_0x5cc6192aa170;  alias, 1 drivers
v0x5cc619296c00_0 .net "clk", 0 0, v0x5cc6192998a0_0;  alias, 1 drivers
v0x5cc619296cf0_0 .var "count", 4 0;
v0x5cc619296db0_0 .var "done", 0 0;
v0x5cc619296e70_0 .var "load", 0 0;
v0x5cc619296fa0_0 .net "rst", 0 0, v0x5cc619299a30_0;  alias, 1 drivers
v0x5cc619297060_0 .var "set_Q", 0 0;
v0x5cc619297100_0 .net "start", 0 0, v0x5cc619299b20_0;  alias, 1 drivers
v0x5cc6192971a0_0 .var "update_A", 0 0;
E_0x5cc6192679a0 .event anyedge, v0x5cc619296a70_0;
E_0x5cc619267b00 .event posedge, v0x5cc619296fa0_0, v0x5cc619278560_0;
S_0x5cc6192973e0 .scope module, "czero0" "compZero" 3 29, 8 2 0, S_0x5cc619255df0;
 .timescale 0 0;
    .port_info 0 /INPUT 5 "Out_C";
    .port_info 1 /OUTPUT 1 "Zero";
v0x5cc619297630_0 .net "Out_C", 4 0, v0x5cc619295910_0;  alias, 1 drivers
v0x5cc619297710_0 .net "Zero", 0 0, L_0x5cc6192aa170;  alias, 1 drivers
v0x5cc6192977b0_0 .net *"_ivl_0", 31 0, L_0x5cc6192aa050;  1 drivers
L_0x76482a7570a8 .functor BUFT 1, C4<000000000000000000000000000>, C4<0>, C4<0>, C4<0>;
v0x5cc619297880_0 .net *"_ivl_3", 26 0, L_0x76482a7570a8;  1 drivers
L_0x76482a7570f0 .functor BUFT 1, C4<00000000000000000000000000000000>, C4<0>, C4<0>, C4<0>;
v0x5cc619297940_0 .net/2u *"_ivl_4", 31 0, L_0x76482a7570f0;  1 drivers
L_0x5cc6192aa050 .concat [ 5 27 0 0], v0x5cc619295910_0, L_0x76482a7570a8;
L_0x5cc6192aa170 .cmp/eq 32, L_0x5cc6192aa050, L_0x76482a7570f0;
S_0x5cc619297ad0 .scope module, "sub0" "subtractor" 3 27, 9 2 0, S_0x5cc619255df0;
 .timescale 0 0;
    .port_info 0 /INPUT 17 "A";
    .port_info 1 /INPUT 16 "M";
    .port_info 2 /OUTPUT 17 "A_sub";
L_0x5cc619277720 .functor NOT 17, L_0x5cc619299c10, C4<00000000000000000>, C4<00000000000000000>, C4<00000000000000000>;
v0x5cc619297d00_0 .net "A", 16 0, v0x5cc6192774c0_0;  alias, 1 drivers
v0x5cc619297e30_0 .net "A_sub", 16 0, L_0x5cc6192a9f20;  alias, 1 drivers
v0x5cc619297ef0_0 .net "M", 15 0, v0x5cc6192996a0_0;  alias, 1 drivers
L_0x76482a757018 .functor BUFT 1, C4<0>, C4<0>, C4<0>, C4<0>;
v0x5cc619297fc0_0 .net/2u *"_ivl_0", 0 0, L_0x76482a757018;  1 drivers
v0x5cc619298060_0 .net *"_ivl_2", 16 0, L_0x5cc619299c10;  1 drivers
v0x5cc619298190_0 .net *"_ivl_4", 16 0, L_0x5cc619277720;  1 drivers
L_0x76482a757060 .functor BUFT 1, C4<00000000000000001>, C4<0>, C4<0>, C4<0>;
v0x5cc619298270_0 .net/2u *"_ivl_6", 16 0, L_0x76482a757060;  1 drivers
v0x5cc619298350_0 .net "comp2_M", 16 0, L_0x5cc6192a9de0;  1 drivers
L_0x5cc619299c10 .concat [ 16 1 0 0], v0x5cc6192996a0_0, L_0x76482a757018;
L_0x5cc6192a9de0 .arith/sum 17, L_0x5cc619277720, L_0x76482a757060;
L_0x5cc6192a9f20 .arith/sum 17, v0x5cc6192774c0_0, L_0x5cc6192a9de0;
    .scope S_0x5cc619256ea0;
T_0 ;
    %wait E_0x5cc619267f80;
    %load/vec4 v0x5cc619249400_0;
    %flag_set/vec4 8;
    %jmp/0xz  T_0.0, 8;
    %pushi/vec4 0, 0, 17;
    %assign/vec4 v0x5cc6192774c0_0, 0;
    %load/vec4 v0x5cc619278d60_0;
    %assign/vec4 v0x5cc619277bf0_0, 0;
    %jmp T_0.1;
T_0.0 ;
    %load/vec4 v0x5cc619277ed0_0;
    %flag_set/vec4 8;
    %jmp/0xz  T_0.2, 8;
    %load/vec4 v0x5cc6192774c0_0;
    %load/vec4 v0x5cc619277bf0_0;
    %concat/vec4; draw_concat_vec4
    %ix/load 4, 1, 0;
    %flag_set/imm 4, 0;
    %shiftl 4;
    %split/vec4 16;
    %assign/vec4 v0x5cc619277bf0_0, 0;
    %assign/vec4 v0x5cc6192774c0_0, 0;
    %jmp T_0.3;
T_0.2 ;
    %load/vec4 v0x5cc6192954c0_0;
    %flag_set/vec4 8;
    %jmp/0xz  T_0.4, 8;
    %load/vec4 v0x5cc6192778a0_0;
    %assign/vec4 v0x5cc6192774c0_0, 0;
T_0.4 ;
    %load/vec4 v0x5cc619295400_0;
    %flag_set/vec4 8;
    %jmp/0xz  T_0.6, 8;
    %pushi/vec4 1, 0, 1;
    %ix/load 4, 0, 0;
    %ix/load 5, 0, 0;
    %flag_set/imm 4, 0;
    %assign/vec4/off/d v0x5cc619277bf0_0, 4, 5;
T_0.6 ;
T_0.3 ;
T_0.1 ;
    %jmp T_0;
    .thread T_0;
    .scope S_0x5cc6192956a0;
T_1 ;
    %wait E_0x5cc619267f80;
    %load/vec4 v0x5cc619295a90_0;
    %flag_set/vec4 8;
    %jmp/0xz  T_1.0, 8;
    %pushi/vec4 16, 0, 5;
    %assign/vec4 v0x5cc619295910_0, 0;
    %jmp T_1.1;
T_1.0 ;
    %load/vec4 v0x5cc619295850_0;
    %flag_set/vec4 8;
    %jmp/0xz  T_1.2, 8;
    %load/vec4 v0x5cc619295910_0;
    %subi 1, 0, 5;
    %assign/vec4 v0x5cc619295910_0, 0;
T_1.2 ;
T_1.1 ;
    %jmp T_1;
    .thread T_1;
    .scope S_0x5cc6192962b0;
T_2 ;
    %wait E_0x5cc619267b00;
    %load/vec4 v0x5cc619296fa0_0;
    %flag_set/vec4 8;
    %jmp/0xz  T_2.0, 8;
    %pushi/vec4 0, 0, 3;
    %assign/vec4 v0x5cc619296a70_0, 0;
    %jmp T_2.1;
T_2.0 ;
    %load/vec4 v0x5cc619296a70_0;
    %dup/vec4;
    %pushi/vec4 0, 0, 3;
    %cmp/u;
    %jmp/1 T_2.2, 6;
    %dup/vec4;
    %pushi/vec4 1, 0, 3;
    %cmp/u;
    %jmp/1 T_2.3, 6;
    %dup/vec4;
    %pushi/vec4 2, 0, 3;
    %cmp/u;
    %jmp/1 T_2.4, 6;
    %dup/vec4;
    %pushi/vec4 3, 0, 3;
    %cmp/u;
    %jmp/1 T_2.5, 6;
    %dup/vec4;
    %pushi/vec4 4, 0, 3;
    %cmp/u;
    %jmp/1 T_2.6, 6;
    %dup/vec4;
    %pushi/vec4 5, 0, 3;
    %cmp/u;
    %jmp/1 T_2.7, 6;
    %dup/vec4;
    %pushi/vec4 6, 0, 3;
    %cmp/u;
    %jmp/1 T_2.8, 6;
    %pushi/vec4 0, 0, 3;
    %store/vec4 v0x5cc619296a70_0, 0, 3;
    %jmp T_2.10;
T_2.2 ;
    %pushi/vec4 0, 0, 5;
    %assign/vec4 v0x5cc619296cf0_0, 0;
    %load/vec4 v0x5cc619297100_0;
    %flag_set/vec4 8;
    %jmp/0xz  T_2.11, 8;
    %pushi/vec4 1, 0, 3;
    %store/vec4 v0x5cc619296a70_0, 0, 3;
    %jmp T_2.12;
T_2.11 ;
    %pushi/vec4 0, 0, 3;
    %store/vec4 v0x5cc619296a70_0, 0, 3;
T_2.12 ;
    %jmp T_2.10;
T_2.3 ;
    %load/vec4 v0x5cc619296b10_0;
    %flag_set/vec4 8;
    %jmp/0xz  T_2.13, 8;
    %pushi/vec4 6, 0, 3;
    %store/vec4 v0x5cc619296a70_0, 0, 3;
    %jmp T_2.14;
T_2.13 ;
    %pushi/vec4 2, 0, 3;
    %store/vec4 v0x5cc619296a70_0, 0, 3;
T_2.14 ;
    %jmp T_2.10;
T_2.4 ;
    %pushi/vec4 3, 0, 3;
    %store/vec4 v0x5cc619296a70_0, 0, 3;
    %jmp T_2.10;
T_2.5 ;
    %load/vec4 v0x5cc6192968a0_0;
    %flag_set/vec4 8;
    %jmp/0xz  T_2.15, 8;
    %pushi/vec4 5, 0, 3;
    %store/vec4 v0x5cc619296a70_0, 0, 3;
    %jmp T_2.16;
T_2.15 ;
    %pushi/vec4 4, 0, 3;
    %store/vec4 v0x5cc619296a70_0, 0, 3;
T_2.16 ;
    %jmp T_2.10;
T_2.6 ;
    %pushi/vec4 5, 0, 3;
    %store/vec4 v0x5cc619296a70_0, 0, 3;
    %jmp T_2.10;
T_2.7 ;
    %pushi/vec4 1, 0, 3;
    %store/vec4 v0x5cc619296a70_0, 0, 3;
    %jmp T_2.10;
T_2.8 ;
    %load/vec4 v0x5cc619296cf0_0;
    %addi 1, 0, 5;
    %assign/vec4 v0x5cc619296cf0_0, 0;
    %load/vec4 v0x5cc619296cf0_0;
    %pad/u 32;
    %cmpi/u 28, 0, 32;
    %flag_inv 5; GE is !LT
    %jmp/0xz  T_2.17, 5;
    %pushi/vec4 0, 0, 3;
    %store/vec4 v0x5cc619296a70_0, 0, 3;
    %jmp T_2.18;
T_2.17 ;
    %pushi/vec4 6, 0, 3;
    %store/vec4 v0x5cc619296a70_0, 0, 3;
T_2.18 ;
    %jmp T_2.10;
T_2.10 ;
    %pop/vec4 1;
T_2.1 ;
    %jmp T_2;
    .thread T_2;
    .scope S_0x5cc6192962b0;
T_3 ;
    %wait E_0x5cc6192679a0;
    %load/vec4 v0x5cc619296a70_0;
    %dup/vec4;
    %pushi/vec4 0, 0, 3;
    %cmp/u;
    %jmp/1 T_3.0, 6;
    %dup/vec4;
    %pushi/vec4 1, 0, 3;
    %cmp/u;
    %jmp/1 T_3.1, 6;
    %dup/vec4;
    %pushi/vec4 2, 0, 3;
    %cmp/u;
    %jmp/1 T_3.2, 6;
    %dup/vec4;
    %pushi/vec4 3, 0, 3;
    %cmp/u;
    %jmp/1 T_3.3, 6;
    %dup/vec4;
    %pushi/vec4 4, 0, 3;
    %cmp/u;
    %jmp/1 T_3.4, 6;
    %dup/vec4;
    %pushi/vec4 5, 0, 3;
    %cmp/u;
    %jmp/1 T_3.5, 6;
    %dup/vec4;
    %pushi/vec4 6, 0, 3;
    %cmp/u;
    %jmp/1 T_3.6, 6;
    %pushi/vec4 0, 0, 1;
    %store/vec4 v0x5cc619296e70_0, 0, 1;
    %pushi/vec4 0, 0, 1;
    %store/vec4 v0x5cc619296970_0, 0, 1;
    %pushi/vec4 0, 0, 1;
    %store/vec4 v0x5cc6192971a0_0, 0, 1;
    %pushi/vec4 0, 0, 1;
    %store/vec4 v0x5cc619297060_0, 0, 1;
    %pushi/vec4 0, 0, 1;
    %store/vec4 v0x5cc6192967e0_0, 0, 1;
    %pushi/vec4 0, 0, 1;
    %store/vec4 v0x5cc619296db0_0, 0, 1;
    %jmp T_3.8;
T_3.0 ;
    %pushi/vec4 1, 0, 1;
    %store/vec4 v0x5cc619296e70_0, 0, 1;
    %pushi/vec4 0, 0, 1;
    %store/vec4 v0x5cc619296970_0, 0, 1;
    %pushi/vec4 0, 0, 1;
    %store/vec4 v0x5cc6192971a0_0, 0, 1;
    %pushi/vec4 0, 0, 1;
    %store/vec4 v0x5cc619297060_0, 0, 1;
    %pushi/vec4 0, 0, 1;
    %store/vec4 v0x5cc6192967e0_0, 0, 1;
    %pushi/vec4 0, 0, 1;
    %store/vec4 v0x5cc619296db0_0, 0, 1;
    %jmp T_3.8;
T_3.1 ;
    %pushi/vec4 0, 0, 1;
    %store/vec4 v0x5cc619296e70_0, 0, 1;
    %pushi/vec4 0, 0, 1;
    %store/vec4 v0x5cc619296970_0, 0, 1;
    %pushi/vec4 0, 0, 1;
    %store/vec4 v0x5cc6192971a0_0, 0, 1;
    %pushi/vec4 0, 0, 1;
    %store/vec4 v0x5cc619297060_0, 0, 1;
    %pushi/vec4 0, 0, 1;
    %store/vec4 v0x5cc6192967e0_0, 0, 1;
    %pushi/vec4 0, 0, 1;
    %store/vec4 v0x5cc619296db0_0, 0, 1;
    %jmp T_3.8;
T_3.2 ;
    %pushi/vec4 0, 0, 1;
    %store/vec4 v0x5cc619296e70_0, 0, 1;
    %pushi/vec4 1, 0, 1;
    %store/vec4 v0x5cc619296970_0, 0, 1;
    %pushi/vec4 0, 0, 1;
    %store/vec4 v0x5cc6192971a0_0, 0, 1;
    %pushi/vec4 0, 0, 1;
    %store/vec4 v0x5cc619297060_0, 0, 1;
    %pushi/vec4 0, 0, 1;
    %store/vec4 v0x5cc6192967e0_0, 0, 1;
    %pushi/vec4 0, 0, 1;
    %store/vec4 v0x5cc619296db0_0, 0, 1;
    %jmp T_3.8;
T_3.3 ;
    %pushi/vec4 0, 0, 1;
    %store/vec4 v0x5cc619296e70_0, 0, 1;
    %pushi/vec4 0, 0, 1;
    %store/vec4 v0x5cc619296970_0, 0, 1;
    %pushi/vec4 0, 0, 1;
    %store/vec4 v0x5cc6192971a0_0, 0, 1;
    %pushi/vec4 0, 0, 1;
    %store/vec4 v0x5cc619297060_0, 0, 1;
    %pushi/vec4 0, 0, 1;
    %store/vec4 v0x5cc6192967e0_0, 0, 1;
    %pushi/vec4 0, 0, 1;
    %store/vec4 v0x5cc619296db0_0, 0, 1;
    %jmp T_3.8;
T_3.4 ;
    %pushi/vec4 0, 0, 1;
    %store/vec4 v0x5cc619296e70_0, 0, 1;
    %pushi/vec4 0, 0, 1;
    %store/vec4 v0x5cc619296970_0, 0, 1;
    %pushi/vec4 1, 0, 1;
    %store/vec4 v0x5cc6192971a0_0, 0, 1;
    %pushi/vec4 1, 0, 1;
    %store/vec4 v0x5cc619297060_0, 0, 1;
    %pushi/vec4 0, 0, 1;
    %store/vec4 v0x5cc6192967e0_0, 0, 1;
    %pushi/vec4 0, 0, 1;
    %store/vec4 v0x5cc619296db0_0, 0, 1;
    %jmp T_3.8;
T_3.5 ;
    %pushi/vec4 0, 0, 1;
    %store/vec4 v0x5cc619296e70_0, 0, 1;
    %pushi/vec4 0, 0, 1;
    %store/vec4 v0x5cc619296970_0, 0, 1;
    %pushi/vec4 0, 0, 1;
    %store/vec4 v0x5cc6192971a0_0, 0, 1;
    %pushi/vec4 0, 0, 1;
    %store/vec4 v0x5cc619297060_0, 0, 1;
    %pushi/vec4 1, 0, 1;
    %store/vec4 v0x5cc6192967e0_0, 0, 1;
    %pushi/vec4 0, 0, 1;
    %store/vec4 v0x5cc619296db0_0, 0, 1;
    %jmp T_3.8;
T_3.6 ;
    %pushi/vec4 0, 0, 1;
    %store/vec4 v0x5cc619296e70_0, 0, 1;
    %pushi/vec4 0, 0, 1;
    %store/vec4 v0x5cc619296970_0, 0, 1;
    %pushi/vec4 0, 0, 1;
    %store/vec4 v0x5cc6192971a0_0, 0, 1;
    %pushi/vec4 0, 0, 1;
    %store/vec4 v0x5cc619297060_0, 0, 1;
    %pushi/vec4 0, 0, 1;
    %store/vec4 v0x5cc6192967e0_0, 0, 1;
    %pushi/vec4 1, 0, 1;
    %store/vec4 v0x5cc619296db0_0, 0, 1;
    %jmp T_3.8;
T_3.8 ;
    %pop/vec4 1;
    %jmp T_3;
    .thread T_3, $push;
    .scope S_0x5cc619255c60;
T_4 ;
    %pushi/vec4 0, 0, 1;
    %store/vec4 v0x5cc6192998a0_0, 0, 1;
T_4.0 ;
    %delay 20, 0;
    %load/vec4 v0x5cc6192998a0_0;
    %inv;
    %store/vec4 v0x5cc6192998a0_0, 0, 1;
    %jmp T_4.0;
    %end;
    .thread T_4;
    .scope S_0x5cc619255c60;
T_5 ;
    %vpi_call 2 18 "$dumpfile", "divisor_TB.vcd" {0 0 0};
    %vpi_call 2 19 "$dumpvars", 32'sb00000000000000000000000000000000, S_0x5cc619255c60 {0 0 0};
    %pushi/vec4 1, 0, 1;
    %store/vec4 v0x5cc619299a30_0, 0, 1;
    %pushi/vec4 0, 0, 1;
    %store/vec4 v0x5cc619299b20_0, 0, 1;
    %pushi/vec4 0, 0, 16;
    %store/vec4 v0x5cc619299740_0, 0, 16;
    %pushi/vec4 0, 0, 16;
    %store/vec4 v0x5cc6192996a0_0, 0, 16;
    %wait E_0x5cc619267f80;
    %pushi/vec4 0, 0, 1;
    %store/vec4 v0x5cc619299a30_0, 0, 1;
    %pushi/vec4 99, 0, 16;
    %store/vec4 v0x5cc619299740_0, 0, 16;
    %pushi/vec4 3, 0, 16;
    %store/vec4 v0x5cc6192996a0_0, 0, 16;
    %pushi/vec4 1, 0, 1;
    %store/vec4 v0x5cc619299b20_0, 0, 1;
    %wait E_0x5cc619267f80;
    %pushi/vec4 0, 0, 1;
    %store/vec4 v0x5cc619299b20_0, 0, 1;
T_5.0 ;
    %load/vec4 v0x5cc619299990_0;
    %cmpi/ne 1, 0, 1;
    %jmp/0xz T_5.1, 6;
    %wait E_0x5cc619267c60;
    %jmp T_5.0;
T_5.1 ;
    %wait E_0x5cc619267f80;
    %pushi/vec4 1, 0, 1;
    %store/vec4 v0x5cc619299a30_0, 0, 1;
    %wait E_0x5cc619267f80;
    %pushi/vec4 0, 0, 1;
    %store/vec4 v0x5cc619299a30_0, 0, 1;
    %pushi/vec4 111, 0, 16;
    %store/vec4 v0x5cc619299740_0, 0, 16;
    %pushi/vec4 2, 0, 16;
    %store/vec4 v0x5cc6192996a0_0, 0, 16;
    %pushi/vec4 1, 0, 1;
    %store/vec4 v0x5cc619299b20_0, 0, 1;
    %wait E_0x5cc619267f80;
    %pushi/vec4 0, 0, 1;
    %store/vec4 v0x5cc619299b20_0, 0, 1;
T_5.2 ;
    %load/vec4 v0x5cc619299990_0;
    %cmpi/ne 1, 0, 1;
    %jmp/0xz T_5.3, 6;
    %wait E_0x5cc619267c60;
    %jmp T_5.2;
T_5.3 ;
    %pushi/vec4 2, 0, 32;
T_5.4 %dup/vec4;
    %pushi/vec4 0, 0, 32;
    %cmp/s;
    %jmp/1xz T_5.5, 5;
    %jmp/1 T_5.5, 4;
    %pushi/vec4 1, 0, 32;
    %sub;
    %wait E_0x5cc619267f80;
    %jmp T_5.4;
T_5.5 ;
    %pop/vec4 1;
    %vpi_call 2 48 "$finish" {0 0 0};
    %end;
    .thread T_5;
# The file index is used to find the file name in the following table.
:file_names 10;
    "N/A";
    "<interactive>";
    "divisor_TB.v";
    "divisor.v";
    "regAQ.v";
    "Counter.v";
    "compMinor.v";
    "control.v";
    "compZero.v";
    "subtractor.v";
