#! /usr/bin/vvp
:ivl_version "12.0 (stable)";
:ivl_delay_selection "TYPICAL";
:vpi_time_precision + 0;
:vpi_module "/usr/lib/x86_64-linux-gnu/ivl/system.vpi";
:vpi_module "/usr/lib/x86_64-linux-gnu/ivl/vhdl_sys.vpi";
:vpi_module "/usr/lib/x86_64-linux-gnu/ivl/vhdl_textio.vpi";
:vpi_module "/usr/lib/x86_64-linux-gnu/ivl/v2005_math.vpi";
:vpi_module "/usr/lib/x86_64-linux-gnu/ivl/va_math.vpi";
S_0x59d5780421c0 .scope module, "parity_TB" "parity_TB" 2 1;
 .timescale 0 0;
v0x59d57807f760_0 .net "bits1", 3 0, L_0x59d57805f1b0;  1 drivers
v0x59d57807f840_0 .var "clk", 0 0;
v0x59d57807f900_0 .net "done", 0 0, v0x59d57807d000_0;  1 drivers
v0x59d57807f9a0_0 .var "in_bits", 8 0;
v0x59d57807fa90_0 .var "init", 0 0;
v0x59d57807fbd0_0 .net "parity", 0 0, L_0x59d57807fe50;  1 drivers
v0x59d57807fcc0_0 .var "rst", 0 0;
E_0x59d578046490 .event anyedge, v0x59d57807d000_0;
S_0x59d5780592f0 .scope module, "uut" "parity" 2 10, 3 1 0, S_0x59d5780421c0;
 .timescale 0 0;
    .port_info 0 /INPUT 1 "clk";
    .port_info 1 /INPUT 1 "rst";
    .port_info 2 /INPUT 1 "init";
    .port_info 3 /INPUT 9 "in_bits";
    .port_info 4 /OUTPUT 4 "bits1";
    .port_info 5 /OUTPUT 1 "parity";
    .port_info 6 /OUTPUT 1 "done";
v0x59d57807ec30_0 .net "DEC", 0 0, v0x59d57805f310_0;  1 drivers
v0x59d57807ed40_0 .net "INC", 0 0, v0x59d57805f730_0;  1 drivers
v0x59d57807ee50_0 .net "LSB", 0 0, L_0x59d57807fdb0;  1 drivers
v0x59d57807ef40_0 .net "Load", 0 0, v0x59d57802ee10_0;  1 drivers
v0x59d57807efe0_0 .net "SHFT", 0 0, v0x59d57802feb0_0;  1 drivers
v0x59d57807f0d0_0 .net "Zero", 0 0, L_0x59d578090080;  1 drivers
v0x59d57807f1c0_0 .net "bits1", 3 0, L_0x59d57805f1b0;  alias, 1 drivers
v0x59d57807f260_0 .net "clk", 0 0, v0x59d57807f840_0;  1 drivers
v0x59d57807f390_0 .net "done", 0 0, v0x59d57807d000_0;  alias, 1 drivers
v0x59d57807f4c0_0 .net "in_bits", 8 0, v0x59d57807f9a0_0;  1 drivers
v0x59d57807f560_0 .net "init", 0 0, v0x59d57807fa90_0;  1 drivers
v0x59d57807f600_0 .net "parity", 0 0, L_0x59d57807fe50;  alias, 1 drivers
v0x59d57807f6a0_0 .net "rst", 0 0, v0x59d57807fcc0_0;  1 drivers
S_0x59d578059530 .scope module, "control0" "control" 3 20, 4 1 0, S_0x59d5780592f0;
 .timescale 0 0;
    .port_info 0 /INPUT 1 "clk";
    .port_info 1 /INPUT 1 "rst";
    .port_info 2 /INPUT 1 "init";
    .port_info 3 /INPUT 1 "Zero";
    .port_info 4 /INPUT 1 "LSB";
    .port_info 5 /OUTPUT 1 "Load";
    .port_info 6 /OUTPUT 1 "SHFT";
    .port_info 7 /OUTPUT 1 "DEC";
    .port_info 8 /OUTPUT 1 "INC";
    .port_info 9 /OUTPUT 1 "done";
P_0x59d578052b20 .param/l "Check_counter" 0 4 14, C4<001>;
P_0x59d578052b60 .param/l "Check_lsb" 0 4 15, C4<010>;
P_0x59d578052ba0 .param/l "Finish" 0 4 18, C4<101>;
P_0x59d578052be0 .param/l "Start" 0 4 13, C4<000>;
P_0x59d578052c20 .param/l "inc_reg" 0 4 16, C4<011>;
P_0x59d578052c60 .param/l "shift_dec" 0 4 17, C4<100>;
v0x59d57805ef70_0 .var "Count", 4 0;
v0x59d57805f310_0 .var "DEC", 0 0;
v0x59d57805f730_0 .var "INC", 0 0;
v0x59d57805fb30_0 .net "LSB", 0 0, L_0x59d57807fdb0;  alias, 1 drivers
v0x59d57802ee10_0 .var "Load", 0 0;
v0x59d57802feb0_0 .var "SHFT", 0 0;
v0x59d578036220_0 .var "STATE", 2 0;
v0x59d57807ce80_0 .net "Zero", 0 0, L_0x59d578090080;  alias, 1 drivers
v0x59d57807cf40_0 .net "clk", 0 0, v0x59d57807f840_0;  alias, 1 drivers
v0x59d57807d000_0 .var "done", 0 0;
v0x59d57807d0c0_0 .var "estados", 160 1;
v0x59d57807d1a0_0 .net "init", 0 0, v0x59d57807fa90_0;  alias, 1 drivers
v0x59d57807d260_0 .net "rst", 0 0, v0x59d57807fcc0_0;  alias, 1 drivers
E_0x59d5780458c0 .event anyedge, v0x59d578036220_0;
E_0x59d578045760 .event posedge, v0x59d57807d260_0, v0x59d57807cf40_0;
S_0x59d57807d4c0 .scope module, "counter0" "counter" 3 19, 5 1 0, S_0x59d5780592f0;
 .timescale 0 0;
    .port_info 0 /INPUT 1 "clk";
    .port_info 1 /INPUT 1 "Load";
    .port_info 2 /INPUT 1 "DEC";
    .port_info 3 /OUTPUT 1 "Zero";
v0x59d57807d690_0 .net "DEC", 0 0, v0x59d57805f310_0;  alias, 1 drivers
v0x59d57807d750_0 .net "Load", 0 0, v0x59d57802ee10_0;  alias, 1 drivers
v0x59d57807d7f0_0 .net "Zero", 0 0, L_0x59d578090080;  alias, 1 drivers
v0x59d57807d890_0 .net *"_ivl_0", 31 0, L_0x59d57807ff60;  1 drivers
L_0x713decc6e018 .functor BUFT 1, C4<0000000000000000000000000000>, C4<0>, C4<0>, C4<0>;
v0x59d57807d930_0 .net *"_ivl_3", 27 0, L_0x713decc6e018;  1 drivers
L_0x713decc6e060 .functor BUFT 1, C4<00000000000000000000000000000000>, C4<0>, C4<0>, C4<0>;
v0x59d57807da20_0 .net/2u *"_ivl_4", 31 0, L_0x713decc6e060;  1 drivers
v0x59d57807db00_0 .net "clk", 0 0, v0x59d57807f840_0;  alias, 1 drivers
v0x59d57807dba0_0 .var "counter", 3 0;
E_0x59d578026290 .event posedge, v0x59d57807cf40_0;
L_0x59d57807ff60 .concat [ 4 28 0 0], v0x59d57807dba0_0, L_0x713decc6e018;
L_0x59d578090080 .cmp/eq 32, L_0x59d57807ff60, L_0x713decc6e060;
S_0x59d57807dd10 .scope module, "onesCount0" "onesCount" 3 18, 6 1 0, S_0x59d5780592f0;
 .timescale 0 0;
    .port_info 0 /INPUT 1 "clk";
    .port_info 1 /INPUT 1 "Load";
    .port_info 2 /INPUT 1 "INC";
    .port_info 3 /OUTPUT 1 "parity";
    .port_info 4 /OUTPUT 4 "bits1";
L_0x59d57805f1b0 .functor BUFZ 4, v0x59d57807e270_0, C4<0000>, C4<0000>, C4<0000>;
v0x59d57807df20_0 .net "INC", 0 0, v0x59d57805f730_0;  alias, 1 drivers
v0x59d57807dff0_0 .net "Load", 0 0, v0x59d57802ee10_0;  alias, 1 drivers
v0x59d57807e0e0_0 .net "bits1", 3 0, L_0x59d57805f1b0;  alias, 1 drivers
v0x59d57807e180_0 .net "clk", 0 0, v0x59d57807f840_0;  alias, 1 drivers
v0x59d57807e270_0 .var "onesCount", 3 0;
v0x59d57807e3a0_0 .net "parity", 0 0, L_0x59d57807fe50;  alias, 1 drivers
L_0x59d57807fe50 .part v0x59d57807e270_0, 0, 1;
S_0x59d57807e500 .scope module, "regA0" "regA" 3 17, 7 1 0, S_0x59d5780592f0;
 .timescale 0 0;
    .port_info 0 /INPUT 1 "clk";
    .port_info 1 /INPUT 1 "Load";
    .port_info 2 /INPUT 1 "SHFT";
    .port_info 3 /INPUT 9 "in_bits";
    .port_info 4 /OUTPUT 1 "LSB";
v0x59d57807e6e0_0 .net "LSB", 0 0, L_0x59d57807fdb0;  alias, 1 drivers
v0x59d57807e7a0_0 .net "Load", 0 0, v0x59d57802ee10_0;  alias, 1 drivers
v0x59d57807e840_0 .net "SHFT", 0 0, v0x59d57802feb0_0;  alias, 1 drivers
v0x59d57807e940_0 .net "clk", 0 0, v0x59d57807f840_0;  alias, 1 drivers
v0x59d57807e9e0_0 .net "in_bits", 8 0, v0x59d57807f9a0_0;  alias, 1 drivers
v0x59d57807ead0_0 .var "regA", 8 0;
L_0x59d57807fdb0 .part v0x59d57807ead0_0, 0, 1;
    .scope S_0x59d57807e500;
T_0 ;
    %wait E_0x59d578026290;
    %load/vec4 v0x59d57807e7a0_0;
    %flag_set/vec4 8;
    %jmp/0xz  T_0.0, 8;
    %load/vec4 v0x59d57807e9e0_0;
    %assign/vec4 v0x59d57807ead0_0, 0;
    %jmp T_0.1;
T_0.0 ;
    %load/vec4 v0x59d57807e840_0;
    %flag_set/vec4 8;
    %jmp/0xz  T_0.2, 8;
    %load/vec4 v0x59d57807ead0_0;
    %ix/load 4, 1, 0;
    %flag_set/imm 4, 0;
    %shiftr 4;
    %assign/vec4 v0x59d57807ead0_0, 0;
T_0.2 ;
T_0.1 ;
    %jmp T_0;
    .thread T_0;
    .scope S_0x59d57807dd10;
T_1 ;
    %wait E_0x59d578026290;
    %load/vec4 v0x59d57807dff0_0;
    %flag_set/vec4 8;
    %jmp/0xz  T_1.0, 8;
    %pushi/vec4 0, 0, 4;
    %assign/vec4 v0x59d57807e270_0, 0;
    %jmp T_1.1;
T_1.0 ;
    %load/vec4 v0x59d57807df20_0;
    %flag_set/vec4 8;
    %jmp/0xz  T_1.2, 8;
    %load/vec4 v0x59d57807e270_0;
    %addi 1, 0, 4;
    %assign/vec4 v0x59d57807e270_0, 0;
T_1.2 ;
T_1.1 ;
    %jmp T_1;
    .thread T_1;
    .scope S_0x59d57807d4c0;
T_2 ;
    %wait E_0x59d578026290;
    %load/vec4 v0x59d57807d750_0;
    %flag_set/vec4 8;
    %jmp/0xz  T_2.0, 8;
    %pushi/vec4 9, 0, 4;
    %assign/vec4 v0x59d57807dba0_0, 0;
    %jmp T_2.1;
T_2.0 ;
    %load/vec4 v0x59d57807d690_0;
    %flag_set/vec4 8;
    %jmp/0xz  T_2.2, 8;
    %load/vec4 v0x59d57807dba0_0;
    %subi 1, 0, 4;
    %assign/vec4 v0x59d57807dba0_0, 0;
T_2.2 ;
T_2.1 ;
    %jmp T_2;
    .thread T_2;
    .scope S_0x59d578059530;
T_3 ;
    %wait E_0x59d578045760;
    %load/vec4 v0x59d57807d260_0;
    %flag_set/vec4 8;
    %jmp/0xz  T_3.0, 8;
    %pushi/vec4 0, 0, 3;
    %assign/vec4 v0x59d578036220_0, 0;
    %jmp T_3.1;
T_3.0 ;
    %load/vec4 v0x59d578036220_0;
    %dup/vec4;
    %pushi/vec4 0, 0, 3;
    %cmp/u;
    %jmp/1 T_3.2, 6;
    %dup/vec4;
    %pushi/vec4 1, 0, 3;
    %cmp/u;
    %jmp/1 T_3.3, 6;
    %dup/vec4;
    %pushi/vec4 2, 0, 3;
    %cmp/u;
    %jmp/1 T_3.4, 6;
    %dup/vec4;
    %pushi/vec4 3, 0, 3;
    %cmp/u;
    %jmp/1 T_3.5, 6;
    %dup/vec4;
    %pushi/vec4 4, 0, 3;
    %cmp/u;
    %jmp/1 T_3.6, 6;
    %dup/vec4;
    %pushi/vec4 5, 0, 3;
    %cmp/u;
    %jmp/1 T_3.7, 6;
    %pushi/vec4 0, 0, 3;
    %assign/vec4 v0x59d578036220_0, 0;
    %jmp T_3.9;
T_3.2 ;
    %pushi/vec4 0, 0, 5;
    %assign/vec4 v0x59d57805ef70_0, 0;
    %load/vec4 v0x59d57807d1a0_0;
    %flag_set/vec4 8;
    %jmp/0xz  T_3.10, 8;
    %pushi/vec4 1, 0, 3;
    %assign/vec4 v0x59d578036220_0, 0;
    %jmp T_3.11;
T_3.10 ;
    %pushi/vec4 0, 0, 3;
    %assign/vec4 v0x59d578036220_0, 0;
T_3.11 ;
    %jmp T_3.9;
T_3.3 ;
    %load/vec4 v0x59d57807ce80_0;
    %flag_set/vec4 8;
    %jmp/0xz  T_3.12, 8;
    %pushi/vec4 5, 0, 3;
    %assign/vec4 v0x59d578036220_0, 0;
    %jmp T_3.13;
T_3.12 ;
    %pushi/vec4 2, 0, 3;
    %assign/vec4 v0x59d578036220_0, 0;
T_3.13 ;
    %jmp T_3.9;
T_3.4 ;
    %load/vec4 v0x59d57805fb30_0;
    %flag_set/vec4 8;
    %jmp/0xz  T_3.14, 8;
    %pushi/vec4 3, 0, 3;
    %assign/vec4 v0x59d578036220_0, 0;
    %jmp T_3.15;
T_3.14 ;
    %pushi/vec4 4, 0, 3;
    %assign/vec4 v0x59d578036220_0, 0;
T_3.15 ;
    %jmp T_3.9;
T_3.5 ;
    %pushi/vec4 4, 0, 3;
    %assign/vec4 v0x59d578036220_0, 0;
    %jmp T_3.9;
T_3.6 ;
    %pushi/vec4 1, 0, 3;
    %assign/vec4 v0x59d578036220_0, 0;
    %jmp T_3.9;
T_3.7 ;
    %load/vec4 v0x59d57805ef70_0;
    %addi 1, 0, 5;
    %assign/vec4 v0x59d57805ef70_0, 0;
    %load/vec4 v0x59d57805ef70_0;
    %pad/u 32;
    %cmpi/u 28, 0, 32;
    %flag_inv 5; GE is !LT
    %jmp/0xz  T_3.16, 5;
    %pushi/vec4 0, 0, 3;
    %assign/vec4 v0x59d578036220_0, 0;
    %jmp T_3.17;
T_3.16 ;
    %pushi/vec4 5, 0, 3;
    %assign/vec4 v0x59d578036220_0, 0;
T_3.17 ;
    %jmp T_3.9;
T_3.9 ;
    %pop/vec4 1;
T_3.1 ;
    %jmp T_3;
    .thread T_3;
    .scope S_0x59d578059530;
T_4 ;
    %wait E_0x59d5780458c0;
    %load/vec4 v0x59d578036220_0;
    %dup/vec4;
    %pushi/vec4 0, 0, 3;
    %cmp/u;
    %jmp/1 T_4.0, 6;
    %dup/vec4;
    %pushi/vec4 1, 0, 3;
    %cmp/u;
    %jmp/1 T_4.1, 6;
    %dup/vec4;
    %pushi/vec4 2, 0, 3;
    %cmp/u;
    %jmp/1 T_4.2, 6;
    %dup/vec4;
    %pushi/vec4 3, 0, 3;
    %cmp/u;
    %jmp/1 T_4.3, 6;
    %dup/vec4;
    %pushi/vec4 4, 0, 3;
    %cmp/u;
    %jmp/1 T_4.4, 6;
    %dup/vec4;
    %pushi/vec4 5, 0, 3;
    %cmp/u;
    %jmp/1 T_4.5, 6;
    %pushi/vec4 0, 0, 1;
    %store/vec4 v0x59d57802feb0_0, 0, 1;
    %pushi/vec4 0, 0, 1;
    %store/vec4 v0x59d57802ee10_0, 0, 1;
    %pushi/vec4 0, 0, 1;
    %store/vec4 v0x59d57805f310_0, 0, 1;
    %pushi/vec4 0, 0, 1;
    %store/vec4 v0x59d57805f730_0, 0, 1;
    %pushi/vec4 0, 0, 1;
    %store/vec4 v0x59d57807d000_0, 0, 1;
    %jmp T_4.7;
T_4.0 ;
    %pushi/vec4 0, 0, 1;
    %store/vec4 v0x59d57802feb0_0, 0, 1;
    %pushi/vec4 1, 0, 1;
    %store/vec4 v0x59d57802ee10_0, 0, 1;
    %pushi/vec4 0, 0, 1;
    %store/vec4 v0x59d57805f310_0, 0, 1;
    %pushi/vec4 0, 0, 1;
    %store/vec4 v0x59d57805f730_0, 0, 1;
    %pushi/vec4 0, 0, 1;
    %store/vec4 v0x59d57807d000_0, 0, 1;
    %jmp T_4.7;
T_4.1 ;
    %pushi/vec4 0, 0, 1;
    %store/vec4 v0x59d57802feb0_0, 0, 1;
    %pushi/vec4 0, 0, 1;
    %store/vec4 v0x59d57802ee10_0, 0, 1;
    %pushi/vec4 0, 0, 1;
    %store/vec4 v0x59d57805f310_0, 0, 1;
    %pushi/vec4 0, 0, 1;
    %store/vec4 v0x59d57805f730_0, 0, 1;
    %pushi/vec4 0, 0, 1;
    %store/vec4 v0x59d57807d000_0, 0, 1;
    %jmp T_4.7;
T_4.2 ;
    %pushi/vec4 0, 0, 1;
    %store/vec4 v0x59d57802feb0_0, 0, 1;
    %pushi/vec4 0, 0, 1;
    %store/vec4 v0x59d57802ee10_0, 0, 1;
    %pushi/vec4 0, 0, 1;
    %store/vec4 v0x59d57805f310_0, 0, 1;
    %pushi/vec4 0, 0, 1;
    %store/vec4 v0x59d57805f730_0, 0, 1;
    %pushi/vec4 0, 0, 1;
    %store/vec4 v0x59d57807d000_0, 0, 1;
    %jmp T_4.7;
T_4.3 ;
    %pushi/vec4 0, 0, 1;
    %store/vec4 v0x59d57802feb0_0, 0, 1;
    %pushi/vec4 0, 0, 1;
    %store/vec4 v0x59d57802ee10_0, 0, 1;
    %pushi/vec4 0, 0, 1;
    %store/vec4 v0x59d57805f310_0, 0, 1;
    %pushi/vec4 1, 0, 1;
    %store/vec4 v0x59d57805f730_0, 0, 1;
    %pushi/vec4 0, 0, 1;
    %store/vec4 v0x59d57807d000_0, 0, 1;
    %jmp T_4.7;
T_4.4 ;
    %pushi/vec4 1, 0, 1;
    %store/vec4 v0x59d57802feb0_0, 0, 1;
    %pushi/vec4 0, 0, 1;
    %store/vec4 v0x59d57802ee10_0, 0, 1;
    %pushi/vec4 1, 0, 1;
    %store/vec4 v0x59d57805f310_0, 0, 1;
    %pushi/vec4 0, 0, 1;
    %store/vec4 v0x59d57805f730_0, 0, 1;
    %pushi/vec4 0, 0, 1;
    %store/vec4 v0x59d57807d000_0, 0, 1;
    %jmp T_4.7;
T_4.5 ;
    %pushi/vec4 0, 0, 1;
    %store/vec4 v0x59d57802feb0_0, 0, 1;
    %pushi/vec4 0, 0, 1;
    %store/vec4 v0x59d57802ee10_0, 0, 1;
    %pushi/vec4 0, 0, 1;
    %store/vec4 v0x59d57805f310_0, 0, 1;
    %pushi/vec4 0, 0, 1;
    %store/vec4 v0x59d57805f730_0, 0, 1;
    %pushi/vec4 1, 0, 1;
    %store/vec4 v0x59d57807d000_0, 0, 1;
    %jmp T_4.7;
T_4.7 ;
    %pop/vec4 1;
    %jmp T_4;
    .thread T_4, $push;
    .scope S_0x59d578059530;
T_5 ;
    %wait E_0x59d5780458c0;
    %load/vec4 v0x59d578036220_0;
    %dup/vec4;
    %pushi/vec4 0, 0, 3;
    %cmp/u;
    %jmp/1 T_5.0, 6;
    %dup/vec4;
    %pushi/vec4 2, 0, 3;
    %cmp/u;
    %jmp/1 T_5.1, 6;
    %dup/vec4;
    %pushi/vec4 1, 0, 3;
    %cmp/u;
    %jmp/1 T_5.2, 6;
    %dup/vec4;
    %pushi/vec4 3, 0, 3;
    %cmp/u;
    %jmp/1 T_5.3, 6;
    %dup/vec4;
    %pushi/vec4 4, 0, 3;
    %cmp/u;
    %jmp/1 T_5.4, 6;
    %dup/vec4;
    %pushi/vec4 5, 0, 3;
    %cmp/u;
    %jmp/1 T_5.5, 6;
    %pushi/vec4 0, 0, 32; draw_string_vec4
    %pushi/vec4 0, 0, 32; draw_string_vec4
    %concat/vec4; draw_string_vec4
    %pushi/vec4 0, 0, 32; draw_string_vec4
    %concat/vec4; draw_string_vec4
    %pushi/vec4 7695979, 0, 32; draw_string_vec4
    %concat/vec4; draw_string_vec4
    %pushi/vec4 1852798830, 0, 32; draw_string_vec4
    %concat/vec4; draw_string_vec4
    %store/vec4 v0x59d57807d0c0_0, 0, 160;
    %jmp T_5.7;
T_5.0 ;
    %pushi/vec4 0, 0, 32; draw_string_vec4
    %pushi/vec4 0, 0, 32; draw_string_vec4
    %concat/vec4; draw_string_vec4
    %pushi/vec4 0, 0, 32; draw_string_vec4
    %concat/vec4; draw_string_vec4
    %pushi/vec4 83, 0, 32; draw_string_vec4
    %concat/vec4; draw_string_vec4
    %pushi/vec4 1413567060, 0, 32; draw_string_vec4
    %concat/vec4; draw_string_vec4
    %store/vec4 v0x59d57807d0c0_0, 0, 160;
    %jmp T_5.7;
T_5.1 ;
    %pushi/vec4 0, 0, 32; draw_string_vec4
    %pushi/vec4 0, 0, 32; draw_string_vec4
    %concat/vec4; draw_string_vec4
    %pushi/vec4 67, 0, 32; draw_string_vec4
    %concat/vec4; draw_string_vec4
    %pushi/vec4 1212498763, 0, 32; draw_string_vec4
    %concat/vec4; draw_string_vec4
    %pushi/vec4 1598837570, 0, 32; draw_string_vec4
    %concat/vec4; draw_string_vec4
    %store/vec4 v0x59d57807d0c0_0, 0, 160;
    %jmp T_5.7;
T_5.2 ;
    %pushi/vec4 0, 0, 32; draw_string_vec4
    %pushi/vec4 67, 0, 32; draw_string_vec4
    %concat/vec4; draw_string_vec4
    %pushi/vec4 1212498763, 0, 32; draw_string_vec4
    %concat/vec4; draw_string_vec4
    %pushi/vec4 1598246741, 0, 32; draw_string_vec4
    %concat/vec4; draw_string_vec4
    %pushi/vec4 1314145618, 0, 32; draw_string_vec4
    %concat/vec4; draw_string_vec4
    %store/vec4 v0x59d57807d0c0_0, 0, 160;
    %jmp T_5.7;
T_5.3 ;
    %pushi/vec4 0, 0, 32; draw_string_vec4
    %pushi/vec4 0, 0, 32; draw_string_vec4
    %concat/vec4; draw_string_vec4
    %pushi/vec4 0, 0, 32; draw_string_vec4
    %concat/vec4; draw_string_vec4
    %pushi/vec4 4804163, 0, 32; draw_string_vec4
    %concat/vec4; draw_string_vec4
    %pushi/vec4 1599227207, 0, 32; draw_string_vec4
    %concat/vec4; draw_string_vec4
    %store/vec4 v0x59d57807d0c0_0, 0, 160;
    %jmp T_5.7;
T_5.4 ;
    %pushi/vec4 0, 0, 32; draw_string_vec4
    %pushi/vec4 0, 0, 32; draw_string_vec4
    %concat/vec4; draw_string_vec4
    %pushi/vec4 83, 0, 32; draw_string_vec4
    %concat/vec4; draw_string_vec4
    %pushi/vec4 1212761684, 0, 32; draw_string_vec4
    %concat/vec4; draw_string_vec4
    %pushi/vec4 1598309699, 0, 32; draw_string_vec4
    %concat/vec4; draw_string_vec4
    %store/vec4 v0x59d57807d0c0_0, 0, 160;
    %jmp T_5.7;
T_5.5 ;
    %pushi/vec4 0, 0, 32; draw_string_vec4
    %pushi/vec4 0, 0, 32; draw_string_vec4
    %concat/vec4; draw_string_vec4
    %pushi/vec4 0, 0, 32; draw_string_vec4
    %concat/vec4; draw_string_vec4
    %pushi/vec4 17993, 0, 32; draw_string_vec4
    %concat/vec4; draw_string_vec4
    %pushi/vec4 1313428296, 0, 32; draw_string_vec4
    %concat/vec4; draw_string_vec4
    %store/vec4 v0x59d57807d0c0_0, 0, 160;
    %jmp T_5.7;
T_5.7 ;
    %pop/vec4 1;
    %jmp T_5;
    .thread T_5, $push;
    .scope S_0x59d5780421c0;
T_6 ;
    %pushi/vec4 0, 0, 1;
    %store/vec4 v0x59d57807f840_0, 0, 1;
T_6.0 ;
    %delay 20, 0;
    %load/vec4 v0x59d57807f840_0;
    %inv;
    %store/vec4 v0x59d57807f840_0, 0, 1;
    %jmp T_6.0;
    %end;
    .thread T_6;
    .scope S_0x59d5780421c0;
T_7 ;
    %vpi_call 2 16 "$dumpfile", "parity_TB.vcd" {0 0 0};
    %vpi_call 2 17 "$dumpvars", 32'sb00000000000000000000000000000000, S_0x59d5780421c0 {0 0 0};
    %pushi/vec4 0, 0, 1;
    %store/vec4 v0x59d57807fa90_0, 0, 1;
    %pushi/vec4 1, 0, 1;
    %store/vec4 v0x59d57807fcc0_0, 0, 1;
    %pushi/vec4 0, 0, 9;
    %store/vec4 v0x59d57807f9a0_0, 0, 9;
    %wait E_0x59d578026290;
    %pushi/vec4 0, 0, 1;
    %store/vec4 v0x59d57807fcc0_0, 0, 1;
    %pushi/vec4 1, 0, 1;
    %store/vec4 v0x59d57807fa90_0, 0, 1;
    %wait E_0x59d578026290;
    %pushi/vec4 0, 0, 1;
    %store/vec4 v0x59d57807fa90_0, 0, 1;
T_7.0 ;
    %load/vec4 v0x59d57807f900_0;
    %cmpi/ne 1, 0, 1;
    %jmp/0xz T_7.1, 6;
    %wait E_0x59d578046490;
    %jmp T_7.0;
T_7.1 ;
    %delay 40, 0;
    %wait E_0x59d578026290;
    %pushi/vec4 1, 0, 1;
    %store/vec4 v0x59d57807fcc0_0, 0, 1;
    %pushi/vec4 511, 0, 9;
    %store/vec4 v0x59d57807f9a0_0, 0, 9;
    %wait E_0x59d578026290;
    %pushi/vec4 0, 0, 1;
    %store/vec4 v0x59d57807fcc0_0, 0, 1;
    %pushi/vec4 1, 0, 1;
    %store/vec4 v0x59d57807fa90_0, 0, 1;
    %wait E_0x59d578026290;
    %pushi/vec4 0, 0, 1;
    %store/vec4 v0x59d57807fa90_0, 0, 1;
T_7.2 ;
    %load/vec4 v0x59d57807f900_0;
    %cmpi/ne 1, 0, 1;
    %jmp/0xz T_7.3, 6;
    %wait E_0x59d578046490;
    %jmp T_7.2;
T_7.3 ;
    %delay 40, 0;
    %wait E_0x59d578026290;
    %pushi/vec4 1, 0, 1;
    %store/vec4 v0x59d57807fcc0_0, 0, 1;
    %pushi/vec4 341, 0, 9;
    %store/vec4 v0x59d57807f9a0_0, 0, 9;
    %wait E_0x59d578026290;
    %pushi/vec4 0, 0, 1;
    %store/vec4 v0x59d57807fcc0_0, 0, 1;
    %pushi/vec4 1, 0, 1;
    %store/vec4 v0x59d57807fa90_0, 0, 1;
    %wait E_0x59d578026290;
    %pushi/vec4 0, 0, 1;
    %store/vec4 v0x59d57807fa90_0, 0, 1;
T_7.4 ;
    %load/vec4 v0x59d57807f900_0;
    %cmpi/ne 1, 0, 1;
    %jmp/0xz T_7.5, 6;
    %wait E_0x59d578046490;
    %jmp T_7.4;
T_7.5 ;
    %delay 40, 0;
    %wait E_0x59d578026290;
    %pushi/vec4 1, 0, 1;
    %store/vec4 v0x59d57807fcc0_0, 0, 1;
    %pushi/vec4 480, 0, 9;
    %store/vec4 v0x59d57807f9a0_0, 0, 9;
    %wait E_0x59d578026290;
    %pushi/vec4 0, 0, 1;
    %store/vec4 v0x59d57807fcc0_0, 0, 1;
    %pushi/vec4 1, 0, 1;
    %store/vec4 v0x59d57807fa90_0, 0, 1;
    %wait E_0x59d578026290;
    %pushi/vec4 0, 0, 1;
    %store/vec4 v0x59d57807fa90_0, 0, 1;
T_7.6 ;
    %load/vec4 v0x59d57807f900_0;
    %cmpi/ne 1, 0, 1;
    %jmp/0xz T_7.7, 6;
    %wait E_0x59d578046490;
    %jmp T_7.6;
T_7.7 ;
    %delay 40, 0;
    %wait E_0x59d578026290;
    %pushi/vec4 1, 0, 1;
    %store/vec4 v0x59d57807fcc0_0, 0, 1;
    %pushi/vec4 256, 0, 9;
    %store/vec4 v0x59d57807f9a0_0, 0, 9;
    %wait E_0x59d578026290;
    %pushi/vec4 0, 0, 1;
    %store/vec4 v0x59d57807fcc0_0, 0, 1;
    %pushi/vec4 1, 0, 1;
    %store/vec4 v0x59d57807fa90_0, 0, 1;
    %wait E_0x59d578026290;
    %pushi/vec4 0, 0, 1;
    %store/vec4 v0x59d57807fa90_0, 0, 1;
T_7.8 ;
    %load/vec4 v0x59d57807f900_0;
    %cmpi/ne 1, 0, 1;
    %jmp/0xz T_7.9, 6;
    %wait E_0x59d578046490;
    %jmp T_7.8;
T_7.9 ;
    %delay 40, 0;
    %vpi_call 2 69 "$finish" {0 0 0};
    %end;
    .thread T_7;
# The file index is used to find the file name in the following table.
:file_names 8;
    "N/A";
    "<interactive>";
    "parity_TB.v";
    "parity.v";
    "control.v";
    "counter.v";
    "onesCount.v";
    "regA.v";
