#! /usr/bin/vvp
:ivl_version "12.0 (stable)";
:ivl_delay_selection "TYPICAL";
:vpi_time_precision + 0;
:vpi_module "/usr/lib/x86_64-linux-gnu/ivl/system.vpi";
:vpi_module "/usr/lib/x86_64-linux-gnu/ivl/vhdl_sys.vpi";
:vpi_module "/usr/lib/x86_64-linux-gnu/ivl/vhdl_textio.vpi";
:vpi_module "/usr/lib/x86_64-linux-gnu/ivl/v2005_math.vpi";
:vpi_module "/usr/lib/x86_64-linux-gnu/ivl/va_math.vpi";
S_0x5dfc616513e0 .scope module, "ACCR_TB" "ACCR_TB" 2 1;
 .timescale 0 0;
v0x5dfc6163f7a0_0 .var "A", 31 0;
v0x5dfc6163faf0_0 .var "ADD", 0 0;
v0x5dfc61667ce0_0 .net "R", 31 0, v0x5dfc6163ec70_0;  1 drivers
v0x5dfc61667d80_0 .var "clk", 0 0;
v0x5dfc61667e50_0 .var "reset", 0 0;
S_0x5dfc61617490 .scope module, "uut" "ACCR" 2 8, 3 1 0, S_0x5dfc616513e0;
 .timescale 0 0;
    .port_info 0 /INPUT 1 "clk";
    .port_info 1 /INPUT 32 "A";
    .port_info 2 /INPUT 1 "ADD";
    .port_info 3 /INPUT 1 "reset";
    .port_info 4 /OUTPUT 32 "R";
v0x5dfc6163e620_0 .net "A", 31 0, v0x5dfc6163f7a0_0;  1 drivers
v0x5dfc6163e920_0 .net "ADD", 0 0, v0x5dfc6163faf0_0;  1 drivers
v0x5dfc6163ec70_0 .var "R", 31 0;
v0x5dfc6163f170_0 .net "clk", 0 0, v0x5dfc61667d80_0;  1 drivers
v0x5dfc6163f490_0 .net "reset", 0 0, v0x5dfc61667e50_0;  1 drivers
E_0x5dfc61617ea0 .event negedge, v0x5dfc6163f170_0;
    .scope S_0x5dfc61617490;
T_0 ;
    %wait E_0x5dfc61617ea0;
    %load/vec4 v0x5dfc6163f490_0;
    %flag_set/vec4 8;
    %jmp/0xz  T_0.0, 8;
    %pushi/vec4 0, 0, 32;
    %assign/vec4 v0x5dfc6163ec70_0, 0;
    %jmp T_0.1;
T_0.0 ;
    %load/vec4 v0x5dfc6163e920_0;
    %flag_set/vec4 8;
    %jmp/0xz  T_0.2, 8;
    %load/vec4 v0x5dfc6163ec70_0;
    %load/vec4 v0x5dfc6163e620_0;
    %add;
    %assign/vec4 v0x5dfc6163ec70_0, 0;
T_0.2 ;
T_0.1 ;
    %jmp T_0;
    .thread T_0;
    .scope S_0x5dfc616513e0;
T_1 ;
    %pushi/vec4 0, 0, 1;
    %store/vec4 v0x5dfc61667d80_0, 0, 1;
T_1.0 ;
    %delay 20, 0;
    %load/vec4 v0x5dfc61667d80_0;
    %inv;
    %store/vec4 v0x5dfc61667d80_0, 0, 1;
    %jmp T_1.0;
    %end;
    .thread T_1;
    .scope S_0x5dfc616513e0;
T_2 ;
    %vpi_call 2 15 "$dumpfile", "ACCR_TB.vcd" {0 0 0};
    %vpi_call 2 16 "$dumpvars", 32'sb00000000000000000000000000000000, S_0x5dfc616513e0 {0 0 0};
    %pushi/vec4 1, 0, 1;
    %store/vec4 v0x5dfc61667e50_0, 0, 1;
    %pushi/vec4 0, 0, 1;
    %store/vec4 v0x5dfc6163faf0_0, 0, 1;
    %pushi/vec4 10, 0, 32;
    %store/vec4 v0x5dfc6163f7a0_0, 0, 32;
    %wait E_0x5dfc61617ea0;
    %pushi/vec4 0, 0, 1;
    %store/vec4 v0x5dfc61667e50_0, 0, 1;
    %wait E_0x5dfc61617ea0;
    %pushi/vec4 1, 0, 1;
    %store/vec4 v0x5dfc6163faf0_0, 0, 1;
    %wait E_0x5dfc61617ea0;
    %pushi/vec4 0, 0, 1;
    %store/vec4 v0x5dfc6163faf0_0, 0, 1;
    %delay 40, 0;
    %pushi/vec4 115, 0, 32;
    %store/vec4 v0x5dfc6163f7a0_0, 0, 32;
    %wait E_0x5dfc61617ea0;
    %pushi/vec4 1, 0, 1;
    %store/vec4 v0x5dfc6163faf0_0, 0, 1;
    %wait E_0x5dfc61617ea0;
    %pushi/vec4 0, 0, 1;
    %store/vec4 v0x5dfc6163faf0_0, 0, 1;
    %wait E_0x5dfc61617ea0;
    %pushi/vec4 1, 0, 1;
    %store/vec4 v0x5dfc61667e50_0, 0, 1;
    %wait E_0x5dfc61617ea0;
    %pushi/vec4 0, 0, 1;
    %store/vec4 v0x5dfc61667e50_0, 0, 1;
    %delay 40, 0;
    %pushi/vec4 4294967295, 0, 32;
    %store/vec4 v0x5dfc6163f7a0_0, 0, 32;
    %pushi/vec4 1, 0, 1;
    %store/vec4 v0x5dfc6163faf0_0, 0, 1;
    %delay 20, 0;
    %pushi/vec4 0, 0, 1;
    %store/vec4 v0x5dfc6163faf0_0, 0, 1;
    %delay 40, 0;
    %pushi/vec4 1, 0, 1;
    %store/vec4 v0x5dfc6163faf0_0, 0, 1;
    %delay 40, 0;
    %pushi/vec4 0, 0, 1;
    %store/vec4 v0x5dfc6163faf0_0, 0, 1;
    %delay 80, 0;
    %vpi_call 2 47 "$finish" {0 0 0};
    %end;
    .thread T_2;
# The file index is used to find the file name in the following table.
:file_names 4;
    "N/A";
    "<interactive>";
    "ACCR_TB.v";
    "ACCR.v";
