#! /usr/bin/vvp
:ivl_version "12.0 (stable)";
:ivl_delay_selection "TYPICAL";
:vpi_time_precision + 0;
:vpi_module "/usr/lib/x86_64-linux-gnu/ivl/system.vpi";
:vpi_module "/usr/lib/x86_64-linux-gnu/ivl/vhdl_sys.vpi";
:vpi_module "/usr/lib/x86_64-linux-gnu/ivl/vhdl_textio.vpi";
:vpi_module "/usr/lib/x86_64-linux-gnu/ivl/v2005_math.vpi";
:vpi_module "/usr/lib/x86_64-linux-gnu/ivl/va_math.vpi";
S_0x5d69163a9e60 .scope module, "bin2bcd_TB" "bin2bcd_TB" 2 1;
 .timescale 0 0;
v0x5d69163d67e0_0 .net "BCD", 19 0, L_0x5d69163b5960;  1 drivers
v0x5d69163d68f0_0 .var "Bin", 15 0;
v0x5d69163d6990_0 .var "clk", 0 0;
v0x5d69163d6ac0_0 .net "done", 0 0, v0x5d69163d33b0_0;  1 drivers
v0x5d69163d6b60_0 .var "init", 0 0;
v0x5d69163d6ca0_0 .var "rst", 0 0;
E_0x5d6916389cd0 .event anyedge, v0x5d69163d33b0_0;
S_0x5d6916381880 .scope module, "uut" "bin2bcd" 2 9, 3 1 0, S_0x5d69163a9e60;
 .timescale 0 0;
    .port_info 0 /INPUT 1 "clk";
    .port_info 1 /INPUT 1 "rst";
    .port_info 2 /INPUT 1 "init";
    .port_info 3 /INPUT 16 "Bin";
    .port_info 4 /OUTPUT 20 "BCD";
    .port_info 5 /OUTPUT 1 "done";
L_0x5d69163b5960 .functor BUFZ 20, L_0x5d69163d6d90, C4<00000000000000000000>, C4<00000000000000000000>, C4<00000000000000000000>;
v0x5d69163d5bb0_0 .net "BCD", 19 0, L_0x5d69163b5960;  alias, 1 drivers
v0x5d69163d5c90_0 .net "Bin", 15 0, v0x5d69163d68f0_0;  1 drivers
v0x5d69163d5d80_0 .net "DEC", 0 0, v0x5d69163d2d40_0;  1 drivers
v0x5d69163d5ea0_0 .net "Load", 0 0, v0x5d69163d2e20_0;  1 drivers
v0x5d69163d5f40_0 .net "SHFT", 0 0, v0x5d69163d2f10_0;  1 drivers
v0x5d69163d6080_0 .net "Zero", 0 0, L_0x5d69163e8950;  1 drivers
v0x5d69163d6170_0 .net "add", 0 0, v0x5d69163d31a0_0;  1 drivers
v0x5d69163d6260_0 .net "bcd_add", 19 0, L_0x5d69163d8560;  1 drivers
v0x5d69163d6300_0 .net "bcd_reg", 19 0, L_0x5d69163d6d90;  1 drivers
v0x5d69163d6430_0 .net "clk", 0 0, v0x5d69163d6990_0;  1 drivers
v0x5d69163d64d0_0 .net "done", 0 0, v0x5d69163d33b0_0;  alias, 1 drivers
v0x5d69163d6570_0 .net "init", 0 0, v0x5d69163d6b60_0;  1 drivers
v0x5d69163d6610_0 .net "rst", 0 0, v0x5d69163d6ca0_0;  1 drivers
v0x5d69163d66b0_0 .net "update", 4 0, L_0x5d69163d7930;  1 drivers
L_0x5d69163d6f70 .part L_0x5d69163d6d90, 0, 4;
L_0x5d69163d7150 .part L_0x5d69163d6d90, 4, 4;
L_0x5d69163d73d0 .part L_0x5d69163d6d90, 8, 4;
L_0x5d69163d75e0 .part L_0x5d69163d6d90, 12, 4;
L_0x5d69163d7840 .part L_0x5d69163d6d90, 16, 4;
LS_0x5d69163d7930_0_0 .concat8 [ 1 1 1 1], L_0x5d69163d6e80, L_0x5d69163d7060, L_0x5d69163d72d0, L_0x5d69163d74c0;
LS_0x5d69163d7930_0_4 .concat8 [ 1 0 0 0], L_0x5d69163d7750;
L_0x5d69163d7930 .concat8 [ 4 1 0 0], LS_0x5d69163d7930_0_0, LS_0x5d69163d7930_0_4;
L_0x5d69163d7ce0 .part L_0x5d69163d6d90, 0, 4;
L_0x5d69163d7ec0 .part L_0x5d69163d6d90, 4, 4;
L_0x5d69163d80f0 .part L_0x5d69163d6d90, 8, 4;
L_0x5d69163d8280 .part L_0x5d69163d6d90, 12, 4;
L_0x5d69163d8470 .part L_0x5d69163d6d90, 16, 4;
LS_0x5d69163d8560_0_0 .concat8 [ 4 4 4 4], L_0x5d69163d7bf0, L_0x5d69163d7dd0, L_0x5d69163d8000, L_0x5d69163d81e0;
LS_0x5d69163d8560_0_4 .concat8 [ 4 0 0 0], L_0x5d69163d83d0;
L_0x5d69163d8560 .concat8 [ 16 4 0 0], LS_0x5d69163d8560_0_0, LS_0x5d69163d8560_0_4;
S_0x5d6916382710 .scope module, "REG0" "comblsr" 3 19, 4 1 0, S_0x5d6916381880;
 .timescale 0 0;
    .port_info 0 /INPUT 1 "clk";
    .port_info 1 /INPUT 5 "update";
    .port_info 2 /INPUT 1 "SHFT";
    .port_info 3 /INPUT 1 "add";
    .port_info 4 /INPUT 1 "Load";
    .port_info 5 /INPUT 16 "in_Bin";
    .port_info 6 /INPUT 20 "in_bcd";
    .port_info 7 /OUTPUT 20 "BCD_Out";
v0x5d69163b5ae0_0 .net "BCD_Out", 19 0, L_0x5d69163d6d90;  alias, 1 drivers
v0x5d69163b5e30_0 .net "Load", 0 0, v0x5d69163d2e20_0;  alias, 1 drivers
v0x5d69163b6320_0 .net "SHFT", 0 0, v0x5d69163d2f10_0;  alias, 1 drivers
v0x5d69163b6770_0 .net "add", 0 0, v0x5d69163d31a0_0;  alias, 1 drivers
v0x5d69163aa1a0_0 .var "alldata", 35 0;
v0x5d69163b14e0_0 .net "clk", 0 0, v0x5d69163d6990_0;  alias, 1 drivers
v0x5d69163d1150_0 .net "in_Bin", 15 0, v0x5d69163d68f0_0;  alias, 1 drivers
v0x5d69163d1230_0 .net "in_bcd", 19 0, L_0x5d69163d8560;  alias, 1 drivers
v0x5d69163d1310_0 .net "update", 4 0, L_0x5d69163d7930;  alias, 1 drivers
E_0x5d691638b5d0 .event posedge, v0x5d69163b14e0_0;
L_0x5d69163d6d90 .part v0x5d69163aa1a0_0, 16, 20;
S_0x5d69163835a0 .scope module, "comp0" "comp" 3 20, 5 1 0, S_0x5d6916381880;
 .timescale 0 0;
    .port_info 0 /INPUT 4 "in_comp";
    .port_info 1 /OUTPUT 1 "update";
L_0x7f746a29d018 .functor BUFT 1, C4<0101>, C4<0>, C4<0>, C4<0>;
v0x5d69163d1560_0 .net/2u *"_ivl_0", 3 0, L_0x7f746a29d018;  1 drivers
v0x5d69163d1660_0 .net "in_comp", 3 0, L_0x5d69163d6f70;  1 drivers
v0x5d69163d1740_0 .net "update", 0 0, L_0x5d69163d6e80;  1 drivers
L_0x5d69163d6e80 .cmp/ge 4, L_0x5d69163d6f70, L_0x7f746a29d018;
S_0x5d691637fb60 .scope module, "comp1" "comp" 3 21, 5 1 0, S_0x5d6916381880;
 .timescale 0 0;
    .port_info 0 /INPUT 4 "in_comp";
    .port_info 1 /OUTPUT 1 "update";
L_0x7f746a29d060 .functor BUFT 1, C4<0101>, C4<0>, C4<0>, C4<0>;
v0x5d69163d1890_0 .net/2u *"_ivl_0", 3 0, L_0x7f746a29d060;  1 drivers
v0x5d69163d1970_0 .net "in_comp", 3 0, L_0x5d69163d7150;  1 drivers
v0x5d69163d1a50_0 .net "update", 0 0, L_0x5d69163d7060;  1 drivers
L_0x5d69163d7060 .cmp/ge 4, L_0x5d69163d7150, L_0x7f746a29d060;
S_0x5d69163a8290 .scope module, "comp2" "comp" 3 22, 5 1 0, S_0x5d6916381880;
 .timescale 0 0;
    .port_info 0 /INPUT 4 "in_comp";
    .port_info 1 /OUTPUT 1 "update";
L_0x7f746a29d0a8 .functor BUFT 1, C4<0101>, C4<0>, C4<0>, C4<0>;
v0x5d69163d1ba0_0 .net/2u *"_ivl_0", 3 0, L_0x7f746a29d0a8;  1 drivers
v0x5d69163d1ca0_0 .net "in_comp", 3 0, L_0x5d69163d73d0;  1 drivers
v0x5d69163d1d80_0 .net "update", 0 0, L_0x5d69163d72d0;  1 drivers
L_0x5d69163d72d0 .cmp/ge 4, L_0x5d69163d73d0, L_0x7f746a29d0a8;
S_0x5d69163a8f70 .scope module, "comp3" "comp" 3 23, 5 1 0, S_0x5d6916381880;
 .timescale 0 0;
    .port_info 0 /INPUT 4 "in_comp";
    .port_info 1 /OUTPUT 1 "update";
L_0x7f746a29d0f0 .functor BUFT 1, C4<0101>, C4<0>, C4<0>, C4<0>;
v0x5d69163d1f60_0 .net/2u *"_ivl_0", 3 0, L_0x7f746a29d0f0;  1 drivers
v0x5d69163d2060_0 .net "in_comp", 3 0, L_0x5d69163d75e0;  1 drivers
v0x5d69163d2140_0 .net "update", 0 0, L_0x5d69163d74c0;  1 drivers
L_0x5d69163d74c0 .cmp/ge 4, L_0x5d69163d75e0, L_0x7f746a29d0f0;
S_0x5d69163d2240 .scope module, "comp4" "comp" 3 24, 5 1 0, S_0x5d6916381880;
 .timescale 0 0;
    .port_info 0 /INPUT 4 "in_comp";
    .port_info 1 /OUTPUT 1 "update";
L_0x7f746a29d138 .functor BUFT 1, C4<0101>, C4<0>, C4<0>, C4<0>;
v0x5d69163d2460_0 .net/2u *"_ivl_0", 3 0, L_0x7f746a29d138;  1 drivers
v0x5d69163d2560_0 .net "in_comp", 3 0, L_0x5d69163d7840;  1 drivers
v0x5d69163d2640_0 .net "update", 0 0, L_0x5d69163d7750;  1 drivers
L_0x5d69163d7750 .cmp/ge 4, L_0x5d69163d7840, L_0x7f746a29d138;
S_0x5d69163d2740 .scope module, "control0" "control" 3 31, 6 1 0, S_0x5d6916381880;
 .timescale 0 0;
    .port_info 0 /INPUT 1 "clk";
    .port_info 1 /INPUT 1 "rst";
    .port_info 2 /INPUT 1 "init";
    .port_info 3 /INPUT 1 "Zero";
    .port_info 4 /OUTPUT 1 "Load";
    .port_info 5 /OUTPUT 1 "SHFT";
    .port_info 6 /OUTPUT 1 "add";
    .port_info 7 /OUTPUT 1 "DEC";
    .port_info 8 /OUTPUT 1 "done";
P_0x5d69163b29b0 .param/l "CHECK_COUNTER" 0 6 14, C4<010>;
P_0x5d69163b29f0 .param/l "ENABLE_SUM" 0 6 15, C4<011>;
P_0x5d69163b2a30 .param/l "FINISH" 0 6 16, C4<100>;
P_0x5d69163b2a70 .param/l "SHIFT_DEC" 0 6 13, C4<001>;
P_0x5d69163b2ab0 .param/l "START" 0 6 12, C4<000>;
v0x5d69163d2d40_0 .var "DEC", 0 0;
v0x5d69163d2e20_0 .var "Load", 0 0;
v0x5d69163d2f10_0 .var "SHFT", 0 0;
v0x5d69163d3010_0 .var "STATE", 2 0;
v0x5d69163d30b0_0 .net "Zero", 0 0, L_0x5d69163e8950;  alias, 1 drivers
v0x5d69163d31a0_0 .var "add", 0 0;
v0x5d69163d3240_0 .net "clk", 0 0, v0x5d69163d6990_0;  alias, 1 drivers
v0x5d69163d3310_0 .var "counts", 5 0;
v0x5d69163d33b0_0 .var "done", 0 0;
v0x5d69163d3450_0 .var "estados", 160 1;
v0x5d69163d3530_0 .net "init", 0 0, v0x5d69163d6b60_0;  alias, 1 drivers
v0x5d69163d35f0_0 .net "rst", 0 0, v0x5d69163d6ca0_0;  alias, 1 drivers
E_0x5d69163d2c80 .event anyedge, v0x5d69163d3010_0;
E_0x5d69163d2ce0 .event posedge, v0x5d69163d35f0_0, v0x5d69163b14e0_0;
S_0x5d69163d37d0 .scope module, "counter0" "counter" 3 30, 7 1 0, S_0x5d6916381880;
 .timescale 0 0;
    .port_info 0 /INPUT 1 "clk";
    .port_info 1 /INPUT 1 "DEC";
    .port_info 2 /INPUT 1 "Load";
    .port_info 3 /OUTPUT 1 "Zero";
v0x5d69163d3990_0 .net "DEC", 0 0, v0x5d69163d2d40_0;  alias, 1 drivers
v0x5d69163d3a80_0 .net "Load", 0 0, v0x5d69163d2e20_0;  alias, 1 drivers
v0x5d69163d3b70_0 .net "Zero", 0 0, L_0x5d69163e8950;  alias, 1 drivers
v0x5d69163d3c40_0 .net *"_ivl_0", 31 0, L_0x5d69163d8850;  1 drivers
L_0x7f746a29d2e8 .functor BUFT 1, C4<000000000000000000000000000>, C4<0>, C4<0>, C4<0>;
v0x5d69163d3ce0_0 .net *"_ivl_3", 26 0, L_0x7f746a29d2e8;  1 drivers
L_0x7f746a29d330 .functor BUFT 1, C4<00000000000000000000000000000000>, C4<0>, C4<0>, C4<0>;
v0x5d69163d3df0_0 .net/2u *"_ivl_4", 31 0, L_0x7f746a29d330;  1 drivers
v0x5d69163d3ed0_0 .net "clk", 0 0, v0x5d69163d6990_0;  alias, 1 drivers
v0x5d69163d3fc0_0 .var "count", 4 0;
L_0x5d69163d8850 .concat [ 5 27 0 0], v0x5d69163d3fc0_0, L_0x7f746a29d2e8;
L_0x5d69163e8950 .cmp/eq 32, L_0x5d69163d8850, L_0x7f746a29d330;
S_0x5d69163d4120 .scope module, "sum0" "sum" 3 25, 8 1 0, S_0x5d6916381880;
 .timescale 0 0;
    .port_info 0 /INPUT 4 "in_nibble";
    .port_info 1 /OUTPUT 4 "out_nibble";
L_0x7f746a29d180 .functor BUFT 1, C4<0011>, C4<0>, C4<0>, C4<0>;
v0x5d69163d43f0_0 .net/2u *"_ivl_0", 3 0, L_0x7f746a29d180;  1 drivers
v0x5d69163d44f0_0 .net "in_nibble", 3 0, L_0x5d69163d7ce0;  1 drivers
v0x5d69163d45d0_0 .net "out_nibble", 3 0, L_0x5d69163d7bf0;  1 drivers
L_0x5d69163d7bf0 .arith/sum 4, L_0x5d69163d7ce0, L_0x7f746a29d180;
S_0x5d69163d46f0 .scope module, "sum1" "sum" 3 26, 8 1 0, S_0x5d6916381880;
 .timescale 0 0;
    .port_info 0 /INPUT 4 "in_nibble";
    .port_info 1 /OUTPUT 4 "out_nibble";
L_0x7f746a29d1c8 .functor BUFT 1, C4<0011>, C4<0>, C4<0>, C4<0>;
v0x5d69163d48c0_0 .net/2u *"_ivl_0", 3 0, L_0x7f746a29d1c8;  1 drivers
v0x5d69163d49c0_0 .net "in_nibble", 3 0, L_0x5d69163d7ec0;  1 drivers
v0x5d69163d4aa0_0 .net "out_nibble", 3 0, L_0x5d69163d7dd0;  1 drivers
L_0x5d69163d7dd0 .arith/sum 4, L_0x5d69163d7ec0, L_0x7f746a29d1c8;
S_0x5d69163d4bc0 .scope module, "sum2" "sum" 3 27, 8 1 0, S_0x5d6916381880;
 .timescale 0 0;
    .port_info 0 /INPUT 4 "in_nibble";
    .port_info 1 /OUTPUT 4 "out_nibble";
L_0x7f746a29d210 .functor BUFT 1, C4<0011>, C4<0>, C4<0>, C4<0>;
v0x5d69163d4de0_0 .net/2u *"_ivl_0", 3 0, L_0x7f746a29d210;  1 drivers
v0x5d69163d4ee0_0 .net "in_nibble", 3 0, L_0x5d69163d80f0;  1 drivers
v0x5d69163d4fc0_0 .net "out_nibble", 3 0, L_0x5d69163d8000;  1 drivers
L_0x5d69163d8000 .arith/sum 4, L_0x5d69163d80f0, L_0x7f746a29d210;
S_0x5d69163d5110 .scope module, "sum3" "sum" 3 28, 8 1 0, S_0x5d6916381880;
 .timescale 0 0;
    .port_info 0 /INPUT 4 "in_nibble";
    .port_info 1 /OUTPUT 4 "out_nibble";
L_0x7f746a29d258 .functor BUFT 1, C4<0011>, C4<0>, C4<0>, C4<0>;
v0x5d69163d5330_0 .net/2u *"_ivl_0", 3 0, L_0x7f746a29d258;  1 drivers
v0x5d69163d5430_0 .net "in_nibble", 3 0, L_0x5d69163d8280;  1 drivers
v0x5d69163d5510_0 .net "out_nibble", 3 0, L_0x5d69163d81e0;  1 drivers
L_0x5d69163d81e0 .arith/sum 4, L_0x5d69163d8280, L_0x7f746a29d258;
S_0x5d69163d5660 .scope module, "sum4" "sum" 3 29, 8 1 0, S_0x5d6916381880;
 .timescale 0 0;
    .port_info 0 /INPUT 4 "in_nibble";
    .port_info 1 /OUTPUT 4 "out_nibble";
L_0x7f746a29d2a0 .functor BUFT 1, C4<0011>, C4<0>, C4<0>, C4<0>;
v0x5d69163d5880_0 .net/2u *"_ivl_0", 3 0, L_0x7f746a29d2a0;  1 drivers
v0x5d69163d5980_0 .net "in_nibble", 3 0, L_0x5d69163d8470;  1 drivers
v0x5d69163d5a60_0 .net "out_nibble", 3 0, L_0x5d69163d83d0;  1 drivers
L_0x5d69163d83d0 .arith/sum 4, L_0x5d69163d8470, L_0x7f746a29d2a0;
    .scope S_0x5d6916382710;
T_0 ;
    %wait E_0x5d691638b5d0;
    %load/vec4 v0x5d69163b5e30_0;
    %flag_set/vec4 8;
    %jmp/0xz  T_0.0, 8;
    %pushi/vec4 0, 0, 20;
    %ix/load 4, 16, 0;
    %ix/load 5, 0, 0;
    %flag_set/imm 4, 0;
    %assign/vec4/off/d v0x5d69163aa1a0_0, 4, 5;
    %load/vec4 v0x5d69163d1150_0;
    %ix/load 4, 0, 0;
    %ix/load 5, 0, 0;
    %flag_set/imm 4, 0;
    %assign/vec4/off/d v0x5d69163aa1a0_0, 4, 5;
    %jmp T_0.1;
T_0.0 ;
    %load/vec4 v0x5d69163b6320_0;
    %flag_set/vec4 8;
    %jmp/0xz  T_0.2, 8;
    %load/vec4 v0x5d69163aa1a0_0;
    %ix/load 4, 1, 0;
    %flag_set/imm 4, 0;
    %shiftl 4;
    %assign/vec4 v0x5d69163aa1a0_0, 0;
    %jmp T_0.3;
T_0.2 ;
    %load/vec4 v0x5d69163b6770_0;
    %flag_set/vec4 8;
    %jmp/0xz  T_0.4, 8;
    %load/vec4 v0x5d69163d1310_0;
    %parti/s 1, 4, 4;
    %cmpi/e 1, 0, 1;
    %jmp/0xz  T_0.6, 4;
    %load/vec4 v0x5d69163d1230_0;
    %parti/s 4, 16, 6;
    %ix/load 4, 32, 0;
    %ix/load 5, 0, 0;
    %flag_set/imm 4, 0;
    %assign/vec4/off/d v0x5d69163aa1a0_0, 4, 5;
T_0.6 ;
    %load/vec4 v0x5d69163d1310_0;
    %parti/s 1, 3, 3;
    %cmpi/e 1, 0, 1;
    %jmp/0xz  T_0.8, 4;
    %load/vec4 v0x5d69163d1230_0;
    %parti/s 4, 12, 5;
    %ix/load 4, 28, 0;
    %ix/load 5, 0, 0;
    %flag_set/imm 4, 0;
    %assign/vec4/off/d v0x5d69163aa1a0_0, 4, 5;
T_0.8 ;
    %load/vec4 v0x5d69163d1310_0;
    %parti/s 1, 2, 3;
    %cmpi/e 1, 0, 1;
    %jmp/0xz  T_0.10, 4;
    %load/vec4 v0x5d69163d1230_0;
    %parti/s 4, 8, 5;
    %ix/load 4, 24, 0;
    %ix/load 5, 0, 0;
    %flag_set/imm 4, 0;
    %assign/vec4/off/d v0x5d69163aa1a0_0, 4, 5;
T_0.10 ;
    %load/vec4 v0x5d69163d1310_0;
    %parti/s 1, 1, 2;
    %cmpi/e 1, 0, 1;
    %jmp/0xz  T_0.12, 4;
    %load/vec4 v0x5d69163d1230_0;
    %parti/s 4, 4, 4;
    %ix/load 4, 20, 0;
    %ix/load 5, 0, 0;
    %flag_set/imm 4, 0;
    %assign/vec4/off/d v0x5d69163aa1a0_0, 4, 5;
T_0.12 ;
    %load/vec4 v0x5d69163d1310_0;
    %parti/s 1, 0, 2;
    %cmpi/e 1, 0, 1;
    %jmp/0xz  T_0.14, 4;
    %load/vec4 v0x5d69163d1230_0;
    %parti/s 4, 0, 2;
    %ix/load 4, 16, 0;
    %ix/load 5, 0, 0;
    %flag_set/imm 4, 0;
    %assign/vec4/off/d v0x5d69163aa1a0_0, 4, 5;
T_0.14 ;
T_0.4 ;
T_0.3 ;
T_0.1 ;
    %jmp T_0;
    .thread T_0;
    .scope S_0x5d69163d37d0;
T_1 ;
    %wait E_0x5d691638b5d0;
    %load/vec4 v0x5d69163d3a80_0;
    %flag_set/vec4 8;
    %jmp/0xz  T_1.0, 8;
    %pushi/vec4 16, 0, 5;
    %assign/vec4 v0x5d69163d3fc0_0, 0;
    %jmp T_1.1;
T_1.0 ;
    %load/vec4 v0x5d69163d3990_0;
    %flag_set/vec4 8;
    %jmp/0xz  T_1.2, 8;
    %load/vec4 v0x5d69163d3fc0_0;
    %subi 1, 0, 5;
    %assign/vec4 v0x5d69163d3fc0_0, 0;
T_1.2 ;
T_1.1 ;
    %jmp T_1;
    .thread T_1;
    .scope S_0x5d69163d2740;
T_2 ;
    %wait E_0x5d69163d2ce0;
    %load/vec4 v0x5d69163d35f0_0;
    %flag_set/vec4 8;
    %jmp/0xz  T_2.0, 8;
    %pushi/vec4 0, 0, 3;
    %assign/vec4 v0x5d69163d3010_0, 0;
    %jmp T_2.1;
T_2.0 ;
    %load/vec4 v0x5d69163d3010_0;
    %dup/vec4;
    %pushi/vec4 0, 0, 3;
    %cmp/u;
    %jmp/1 T_2.2, 6;
    %dup/vec4;
    %pushi/vec4 1, 0, 3;
    %cmp/u;
    %jmp/1 T_2.3, 6;
    %dup/vec4;
    %pushi/vec4 2, 0, 3;
    %cmp/u;
    %jmp/1 T_2.4, 6;
    %dup/vec4;
    %pushi/vec4 3, 0, 3;
    %cmp/u;
    %jmp/1 T_2.5, 6;
    %dup/vec4;
    %pushi/vec4 4, 0, 3;
    %cmp/u;
    %jmp/1 T_2.6, 6;
    %pushi/vec4 0, 0, 3;
    %assign/vec4 v0x5d69163d3010_0, 0;
    %jmp T_2.8;
T_2.2 ;
    %pushi/vec4 0, 0, 6;
    %assign/vec4 v0x5d69163d3310_0, 0;
    %load/vec4 v0x5d69163d3530_0;
    %flag_set/vec4 8;
    %jmp/0xz  T_2.9, 8;
    %pushi/vec4 1, 0, 3;
    %assign/vec4 v0x5d69163d3010_0, 0;
    %jmp T_2.10;
T_2.9 ;
    %pushi/vec4 0, 0, 3;
    %assign/vec4 v0x5d69163d3010_0, 0;
T_2.10 ;
    %jmp T_2.8;
T_2.3 ;
    %pushi/vec4 2, 0, 3;
    %assign/vec4 v0x5d69163d3010_0, 0;
    %jmp T_2.8;
T_2.4 ;
    %load/vec4 v0x5d69163d30b0_0;
    %flag_set/vec4 8;
    %jmp/0xz  T_2.11, 8;
    %pushi/vec4 4, 0, 3;
    %assign/vec4 v0x5d69163d3010_0, 0;
    %jmp T_2.12;
T_2.11 ;
    %pushi/vec4 3, 0, 3;
    %assign/vec4 v0x5d69163d3010_0, 0;
T_2.12 ;
    %jmp T_2.8;
T_2.5 ;
    %pushi/vec4 1, 0, 3;
    %assign/vec4 v0x5d69163d3010_0, 0;
    %jmp T_2.8;
T_2.6 ;
    %load/vec4 v0x5d69163d3310_0;
    %addi 1, 0, 6;
    %assign/vec4 v0x5d69163d3310_0, 0;
    %load/vec4 v0x5d69163d3310_0;
    %pad/u 32;
    %cmpi/u 28, 0, 32;
    %flag_inv 5; GE is !LT
    %jmp/0xz  T_2.13, 5;
    %pushi/vec4 0, 0, 3;
    %assign/vec4 v0x5d69163d3010_0, 0;
    %jmp T_2.14;
T_2.13 ;
    %pushi/vec4 4, 0, 3;
    %assign/vec4 v0x5d69163d3010_0, 0;
T_2.14 ;
    %jmp T_2.8;
T_2.8 ;
    %pop/vec4 1;
T_2.1 ;
    %jmp T_2;
    .thread T_2;
    .scope S_0x5d69163d2740;
T_3 ;
    %wait E_0x5d69163d2c80;
    %load/vec4 v0x5d69163d3010_0;
    %dup/vec4;
    %pushi/vec4 0, 0, 3;
    %cmp/u;
    %jmp/1 T_3.0, 6;
    %dup/vec4;
    %pushi/vec4 1, 0, 3;
    %cmp/u;
    %jmp/1 T_3.1, 6;
    %dup/vec4;
    %pushi/vec4 2, 0, 3;
    %cmp/u;
    %jmp/1 T_3.2, 6;
    %dup/vec4;
    %pushi/vec4 3, 0, 3;
    %cmp/u;
    %jmp/1 T_3.3, 6;
    %dup/vec4;
    %pushi/vec4 4, 0, 3;
    %cmp/u;
    %jmp/1 T_3.4, 6;
    %pushi/vec4 0, 0, 1;
    %store/vec4 v0x5d69163d2e20_0, 0, 1;
    %pushi/vec4 0, 0, 1;
    %store/vec4 v0x5d69163d2f10_0, 0, 1;
    %pushi/vec4 0, 0, 1;
    %store/vec4 v0x5d69163d31a0_0, 0, 1;
    %pushi/vec4 0, 0, 1;
    %store/vec4 v0x5d69163d2d40_0, 0, 1;
    %pushi/vec4 0, 0, 1;
    %store/vec4 v0x5d69163d33b0_0, 0, 1;
    %jmp T_3.6;
T_3.0 ;
    %pushi/vec4 1, 0, 1;
    %store/vec4 v0x5d69163d2e20_0, 0, 1;
    %pushi/vec4 0, 0, 1;
    %store/vec4 v0x5d69163d2f10_0, 0, 1;
    %pushi/vec4 0, 0, 1;
    %store/vec4 v0x5d69163d31a0_0, 0, 1;
    %pushi/vec4 0, 0, 1;
    %store/vec4 v0x5d69163d2d40_0, 0, 1;
    %pushi/vec4 0, 0, 1;
    %store/vec4 v0x5d69163d33b0_0, 0, 1;
    %jmp T_3.6;
T_3.1 ;
    %pushi/vec4 0, 0, 1;
    %store/vec4 v0x5d69163d2e20_0, 0, 1;
    %pushi/vec4 1, 0, 1;
    %store/vec4 v0x5d69163d2f10_0, 0, 1;
    %pushi/vec4 0, 0, 1;
    %store/vec4 v0x5d69163d31a0_0, 0, 1;
    %pushi/vec4 1, 0, 1;
    %store/vec4 v0x5d69163d2d40_0, 0, 1;
    %pushi/vec4 0, 0, 1;
    %store/vec4 v0x5d69163d33b0_0, 0, 1;
    %jmp T_3.6;
T_3.2 ;
    %pushi/vec4 0, 0, 1;
    %store/vec4 v0x5d69163d2e20_0, 0, 1;
    %pushi/vec4 0, 0, 1;
    %store/vec4 v0x5d69163d2f10_0, 0, 1;
    %pushi/vec4 0, 0, 1;
    %store/vec4 v0x5d69163d31a0_0, 0, 1;
    %pushi/vec4 0, 0, 1;
    %store/vec4 v0x5d69163d2d40_0, 0, 1;
    %pushi/vec4 0, 0, 1;
    %store/vec4 v0x5d69163d33b0_0, 0, 1;
    %jmp T_3.6;
T_3.3 ;
    %pushi/vec4 0, 0, 1;
    %store/vec4 v0x5d69163d2e20_0, 0, 1;
    %pushi/vec4 0, 0, 1;
    %store/vec4 v0x5d69163d2f10_0, 0, 1;
    %pushi/vec4 1, 0, 1;
    %store/vec4 v0x5d69163d31a0_0, 0, 1;
    %pushi/vec4 0, 0, 1;
    %store/vec4 v0x5d69163d2d40_0, 0, 1;
    %pushi/vec4 0, 0, 1;
    %store/vec4 v0x5d69163d33b0_0, 0, 1;
    %jmp T_3.6;
T_3.4 ;
    %pushi/vec4 0, 0, 1;
    %store/vec4 v0x5d69163d2e20_0, 0, 1;
    %pushi/vec4 0, 0, 1;
    %store/vec4 v0x5d69163d2f10_0, 0, 1;
    %pushi/vec4 0, 0, 1;
    %store/vec4 v0x5d69163d31a0_0, 0, 1;
    %pushi/vec4 0, 0, 1;
    %store/vec4 v0x5d69163d2d40_0, 0, 1;
    %pushi/vec4 1, 0, 1;
    %store/vec4 v0x5d69163d33b0_0, 0, 1;
    %jmp T_3.6;
T_3.6 ;
    %pop/vec4 1;
    %jmp T_3;
    .thread T_3, $push;
    .scope S_0x5d69163d2740;
T_4 ;
    %wait E_0x5d69163d2c80;
    %load/vec4 v0x5d69163d3010_0;
    %dup/vec4;
    %pushi/vec4 0, 0, 3;
    %cmp/u;
    %jmp/1 T_4.0, 6;
    %dup/vec4;
    %pushi/vec4 1, 0, 3;
    %cmp/u;
    %jmp/1 T_4.1, 6;
    %dup/vec4;
    %pushi/vec4 2, 0, 3;
    %cmp/u;
    %jmp/1 T_4.2, 6;
    %dup/vec4;
    %pushi/vec4 3, 0, 3;
    %cmp/u;
    %jmp/1 T_4.3, 6;
    %dup/vec4;
    %pushi/vec4 4, 0, 3;
    %cmp/u;
    %jmp/1 T_4.4, 6;
    %pushi/vec4 0, 0, 32; draw_string_vec4
    %pushi/vec4 0, 0, 32; draw_string_vec4
    %concat/vec4; draw_string_vec4
    %pushi/vec4 0, 0, 32; draw_string_vec4
    %concat/vec4; draw_string_vec4
    %pushi/vec4 7695979, 0, 32; draw_string_vec4
    %concat/vec4; draw_string_vec4
    %pushi/vec4 1852798830, 0, 32; draw_string_vec4
    %concat/vec4; draw_string_vec4
    %store/vec4 v0x5d69163d3450_0, 0, 160;
    %jmp T_4.6;
T_4.0 ;
    %pushi/vec4 0, 0, 32; draw_string_vec4
    %pushi/vec4 0, 0, 32; draw_string_vec4
    %concat/vec4; draw_string_vec4
    %pushi/vec4 0, 0, 32; draw_string_vec4
    %concat/vec4; draw_string_vec4
    %pushi/vec4 83, 0, 32; draw_string_vec4
    %concat/vec4; draw_string_vec4
    %pushi/vec4 1413567060, 0, 32; draw_string_vec4
    %concat/vec4; draw_string_vec4
    %store/vec4 v0x5d69163d3450_0, 0, 160;
    %jmp T_4.6;
T_4.1 ;
    %pushi/vec4 0, 0, 32; draw_string_vec4
    %pushi/vec4 0, 0, 32; draw_string_vec4
    %concat/vec4; draw_string_vec4
    %pushi/vec4 83, 0, 32; draw_string_vec4
    %concat/vec4; draw_string_vec4
    %pushi/vec4 1212761684, 0, 32; draw_string_vec4
    %concat/vec4; draw_string_vec4
    %pushi/vec4 1598309699, 0, 32; draw_string_vec4
    %concat/vec4; draw_string_vec4
    %store/vec4 v0x5d69163d3450_0, 0, 160;
    %jmp T_4.6;
T_4.2 ;
    %pushi/vec4 0, 0, 32; draw_string_vec4
    %pushi/vec4 67, 0, 32; draw_string_vec4
    %concat/vec4; draw_string_vec4
    %pushi/vec4 1212498763, 0, 32; draw_string_vec4
    %concat/vec4; draw_string_vec4
    %pushi/vec4 1598246741, 0, 32; draw_string_vec4
    %concat/vec4; draw_string_vec4
    %pushi/vec4 1314145618, 0, 32; draw_string_vec4
    %concat/vec4; draw_string_vec4
    %store/vec4 v0x5d69163d3450_0, 0, 160;
    %jmp T_4.6;
T_4.3 ;
    %pushi/vec4 0, 0, 32; draw_string_vec4
    %pushi/vec4 0, 0, 32; draw_string_vec4
    %concat/vec4; draw_string_vec4
    %pushi/vec4 17742, 0, 32; draw_string_vec4
    %concat/vec4; draw_string_vec4
    %pushi/vec4 1094863941, 0, 32; draw_string_vec4
    %concat/vec4; draw_string_vec4
    %pushi/vec4 1599296845, 0, 32; draw_string_vec4
    %concat/vec4; draw_string_vec4
    %store/vec4 v0x5d69163d3450_0, 0, 160;
    %jmp T_4.6;
T_4.4 ;
    %pushi/vec4 0, 0, 32; draw_string_vec4
    %pushi/vec4 0, 0, 32; draw_string_vec4
    %concat/vec4; draw_string_vec4
    %pushi/vec4 0, 0, 32; draw_string_vec4
    %concat/vec4; draw_string_vec4
    %pushi/vec4 17993, 0, 32; draw_string_vec4
    %concat/vec4; draw_string_vec4
    %pushi/vec4 1313428296, 0, 32; draw_string_vec4
    %concat/vec4; draw_string_vec4
    %store/vec4 v0x5d69163d3450_0, 0, 160;
    %jmp T_4.6;
T_4.6 ;
    %pop/vec4 1;
    %jmp T_4;
    .thread T_4, $push;
    .scope S_0x5d69163a9e60;
T_5 ;
    %pushi/vec4 0, 0, 1;
    %store/vec4 v0x5d69163d6990_0, 0, 1;
T_5.0 ;
    %delay 20, 0;
    %load/vec4 v0x5d69163d6990_0;
    %inv;
    %store/vec4 v0x5d69163d6990_0, 0, 1;
    %jmp T_5.0;
    %end;
    .thread T_5;
    .scope S_0x5d69163a9e60;
T_6 ;
    %vpi_call 2 15 "$dumpfile", "bin2bcd_TB.vcd" {0 0 0};
    %vpi_call 2 16 "$dumpvars", 32'sb00000000000000000000000000000000, S_0x5d69163a9e60 {0 0 0};
    %pushi/vec4 1, 0, 1;
    %store/vec4 v0x5d69163d6ca0_0, 0, 1;
    %pushi/vec4 0, 0, 1;
    %store/vec4 v0x5d69163d6b60_0, 0, 1;
    %pushi/vec4 115, 0, 16;
    %store/vec4 v0x5d69163d68f0_0, 0, 16;
    %wait E_0x5d691638b5d0;
    %pushi/vec4 0, 0, 1;
    %store/vec4 v0x5d69163d6ca0_0, 0, 1;
    %wait E_0x5d691638b5d0;
    %pushi/vec4 1, 0, 1;
    %store/vec4 v0x5d69163d6b60_0, 0, 1;
    %wait E_0x5d691638b5d0;
    %pushi/vec4 0, 0, 1;
    %store/vec4 v0x5d69163d6b60_0, 0, 1;
T_6.0 ;
    %load/vec4 v0x5d69163d6ac0_0;
    %cmpi/ne 1, 0, 1;
    %jmp/0xz T_6.1, 6;
    %wait E_0x5d6916389cd0;
    %jmp T_6.0;
T_6.1 ;
    %wait E_0x5d691638b5d0;
    %pushi/vec4 1, 0, 1;
    %store/vec4 v0x5d69163d6ca0_0, 0, 1;
    %pushi/vec4 0, 0, 1;
    %store/vec4 v0x5d69163d6b60_0, 0, 1;
    %pushi/vec4 65535, 0, 16;
    %store/vec4 v0x5d69163d68f0_0, 0, 16;
    %wait E_0x5d691638b5d0;
    %pushi/vec4 0, 0, 1;
    %store/vec4 v0x5d69163d6ca0_0, 0, 1;
    %pushi/vec4 1, 0, 1;
    %store/vec4 v0x5d69163d6b60_0, 0, 1;
    %wait E_0x5d691638b5d0;
    %pushi/vec4 0, 0, 1;
    %store/vec4 v0x5d69163d6b60_0, 0, 1;
T_6.2 ;
    %load/vec4 v0x5d69163d6ac0_0;
    %cmpi/ne 1, 0, 1;
    %jmp/0xz T_6.3, 6;
    %wait E_0x5d6916389cd0;
    %jmp T_6.2;
T_6.3 ;
    %delay 20, 0;
    %vpi_call 2 39 "$finish" {0 0 0};
    %end;
    .thread T_6;
# The file index is used to find the file name in the following table.
:file_names 9;
    "N/A";
    "<interactive>";
    "bin2bcd_TB.v";
    "bin2bcd.v";
    "comblsr.v";
    "comp.v";
    "control.v";
    "counter.v";
    "sum.v";
